[debug] [2025-09-25T19:15:49.190Z] [Firebase Plugin] Activating Firebase extension.
[debug] [2025-09-25T19:16:00.788Z] [Firebase Plugin] requireAuthWrapper
[debug] [2025-09-25T19:16:00.789Z] > command requires scopes: ["email","openid","https://www.googleapis.com/auth/cloudplatformprojects.readonly","https://www.googleapis.com/auth/firebase","https://www.googleapis.com/auth/cloud-platform"]
[debug] [2025-09-25T19:16:00.789Z] > authorizing via signed-in user (gregorypeteryanoc.gpy@gmail.com)
[debug] [2025-09-25T19:16:00.792Z] Checked if tokens are valid: false, expires at: 1758778817741
[debug] [2025-09-25T19:16:00.792Z] Checked if tokens are valid: false, expires at: 1758778817741
[debug] [2025-09-25T19:16:00.792Z] > refreshing access token with scopes: []
[debug] [2025-09-25T19:16:00.794Z] >>> [apiv2][query] POST https://www.googleapis.com/oauth2/v3/token [none]
[debug] [2025-09-25T19:16:00.794Z] >>> [apiv2][body] POST https://www.googleapis.com/oauth2/v3/token [omitted]
[debug] [2025-09-25T19:16:00.802Z] [Firebase Plugin] VSCode notification server listening on port 40001
[info] [Firebase Plugin] Starting Data Connect toolkit (version 2.13.0) on port 50001
[debug] [2025-09-25T19:16:01.963Z] 'fdc build' failed with error: Unable to build your Data Connect schema and connectors (exit code 1): E0926 03:16:01.960117   16204 cmd.go:43] Error loading data connect config: could not find dataconnect.yaml in `c:\xampp\htdocs\DoneWithIt\dataconnect`
 {"metadata":{"emulator":{"name":"dataconnect"},"message":"'fdc build' failed with error: Unable to build your Data Connect schema and connectors (exit code 1): E0926 03:16:01.960117   16204 cmd.go:43] Error loading data connect config: could not find dataconnect.yaml in `c:\\xampp\\htdocs\\DoneWithIt\\dataconnect`\n"}}
[debug] [2025-09-25T19:16:01.964Z] Ignoring unsupported arg: auto_download {"metadata":{"emulator":{"name":"dataconnect"},"message":"Ignoring unsupported arg: auto_download"}}
[debug] [2025-09-25T19:16:01.965Z] Ignoring unsupported arg: port {"metadata":{"emulator":{"name":"dataconnect"},"message":"Ignoring unsupported arg: port"}}
[debug] [2025-09-25T19:16:01.965Z] Starting Data Connect Emulator with command {"binary":"C:\\Users\\My PC\\.cache\\firebase\\emulators\\dataconnect-emulator-2.13.0.exe","args":["--logtostderr","-v=2","dev","--listen=localhost:50001","--config_dir=c:\\xampp\\htdocs\\DoneWithIt\\dataconnect","--enable_output_schema_extensions=true","--enable_output_generated_sdk=true"],"optionalArgs":["listen","config_dir","enable_output_schema_extensions","enable_output_generated_sdk"],"joinArgs":true,"shell":false,"port":9399} {"metadata":{"emulator":{"name":"dataconnect"},"message":"Starting Data Connect Emulator with command {\"binary\":\"C:\\\\Users\\\\My PC\\\\.cache\\\\firebase\\\\emulators\\\\dataconnect-emulator-2.13.0.exe\",\"args\":[\"--logtostderr\",\"-v=2\",\"dev\",\"--listen=localhost:50001\",\"--config_dir=c:\\\\xampp\\\\htdocs\\\\DoneWithIt\\\\dataconnect\",\"--enable_output_schema_extensions=true\",\"--enable_output_generated_sdk=true\"],\"optionalArgs\":[\"listen\",\"config_dir\",\"enable_output_schema_extensions\",\"enable_output_generated_sdk\"],\"joinArgs\":true,\"shell\":false,\"port\":9399}"}}
[info] i  dataconnect: Data Connect Emulator logging to dataconnect-debug.log {"metadata":{"emulator":{"name":"dataconnect"},"message":"Data Connect Emulator logging to \u001b[1mdataconnect-debug.log\u001b[22m"}}
[debug] [2025-09-25T19:16:02.046Z] E0926 03:16:01.997764   16688 dev.go:79] Failed to load initial config from "c:\\xampp\\htdocs\\DoneWithIt\\dataconnect": could not find dataconnect.yaml in `c:\xampp\htdocs\DoneWithIt\dataconnect`
E0926 03:16:02.003353   16688 watch.go:102] watchAllDir unable to walk dir `c:\xampp\htdocs\DoneWithIt\dataconnect`: CreateFile c:\xampp\htdocs\DoneWithIt\dataconnect: The system cannot find the file specified.
I0926 03:16:02.036778   16688 dev.go:102] Listening on address (HTTP + gRPC): 127.0.0.1:50001
 {"metadata":{"emulator":{"name":"dataconnect"},"message":"E0926 03:16:01.997764   16688 dev.go:79] Failed to load initial config from \"c:\\\\xampp\\\\htdocs\\\\DoneWithIt\\\\dataconnect\": could not find dataconnect.yaml in `c:\\xampp\\htdocs\\DoneWithIt\\dataconnect`\nE0926 03:16:02.003353   16688 watch.go:102] watchAllDir unable to walk dir `c:\\xampp\\htdocs\\DoneWithIt\\dataconnect`: CreateFile c:\\xampp\\htdocs\\DoneWithIt\\dataconnect: The system cannot find the file specified.\nI0926 03:16:02.036778   16688 dev.go:102] Listening on address (HTTP + gRPC): 127.0.0.1:50001\n"}}
[debug] [2025-09-25T19:16:02.230Z] <<< [apiv2][status] POST https://www.googleapis.com/oauth2/v3/token 200
[debug] [2025-09-25T19:16:02.231Z] <<< [apiv2][body] POST https://www.googleapis.com/oauth2/v3/token [omitted]
[debug] [2025-09-25T19:16:02.253Z] [Firebase Plugin] User found:  gregorypeteryanoc.gpy@gmail.com
[info] [Firebase Plugin] (Core:Project) New user detected, fetching projects
[debug] [2025-09-25T19:16:02.254Z] Checked if tokens are valid: true, expires at: 1758831361231
[debug] [2025-09-25T19:16:02.255Z] >>> [apiv2][query] GET https://firebase.googleapis.com/v1beta1/projects pageSize=1000
[error] [Firebase Plugin] error:  {}
[debug] [2025-09-25T19:16:02.812Z] <<< [apiv2][status] GET https://firebase.googleapis.com/v1beta1/projects 200
[debug] [2025-09-25T19:16:02.813Z] <<< [apiv2][body] GET https://firebase.googleapis.com/v1beta1/projects [omitted]
[debug] [2025-09-25T19:16:12.006Z] E0926 03:16:12.006619   16688 watch.go:31] Failed to load config from "c:\\xampp\\htdocs\\DoneWithIt\\dataconnect": could not find dataconnect.yaml in `c:\xampp\htdocs\DoneWithIt\dataconnect`
 {"metadata":{"emulator":{"name":"dataconnect"},"message":"E0926 03:16:12.006619   16688 watch.go:31] Failed to load config from \"c:\\\\xampp\\\\htdocs\\\\DoneWithIt\\\\dataconnect\": could not find dataconnect.yaml in `c:\\xampp\\htdocs\\DoneWithIt\\dataconnect`\n"}}
[debug] [2025-09-25T19:16:22.006Z] E0926 03:16:22.006694   16688 watch.go:31] Failed to load config from "c:\\xampp\\htdocs\\DoneWithIt\\dataconnect": could not find dataconnect.yaml in `c:\xampp\htdocs\DoneWithIt\dataconnect`
 {"metadata":{"emulator":{"name":"dataconnect"},"message":"E0926 03:16:22.006694   16688 watch.go:31] Failed to load config from \"c:\\\\xampp\\\\htdocs\\\\DoneWithIt\\\\dataconnect\": could not find dataconnect.yaml in `c:\\xampp\\htdocs\\DoneWithIt\\dataconnect`\n"}}
[debug] [2025-09-25T19:16:32.006Z] E0926 03:16:32.006831   16688 watch.go:31] Failed to load config from "c:\\xampp\\htdocs\\DoneWithIt\\dataconnect": could not find dataconnect.yaml in `c:\xampp\htdocs\DoneWithIt\dataconnect`
 {"metadata":{"emulator":{"name":"dataconnect"},"message":"E0926 03:16:32.006831   16688 watch.go:31] Failed to load config from \"c:\\\\xampp\\\\htdocs\\\\DoneWithIt\\\\dataconnect\": could not find dataconnect.yaml in `c:\\xampp\\htdocs\\DoneWithIt\\dataconnect`\n"}}
[debug] [2025-09-25T19:16:42.007Z] E0926 03:16:42.006897   16688 watch.go:31] Failed to load config from "c:\\xampp\\htdocs\\DoneWithIt\\dataconnect": could not find dataconnect.yaml in `c:\xampp\htdocs\DoneWithIt\dataconnect`
 {"metadata":{"emulator":{"name":"dataconnect"},"message":"E0926 03:16:42.006897   16688 watch.go:31] Failed to load config from \"c:\\\\xampp\\\\htdocs\\\\DoneWithIt\\\\dataconnect\": could not find dataconnect.yaml in `c:\\xampp\\htdocs\\DoneWithIt\\dataconnect`\n"}}
[debug] [2025-09-25T19:16:52.346Z] E0926 03:16:52.006828   16688 watch.go:31] Failed to load config from "c:\\xampp\\htdocs\\DoneWithIt\\dataconnect": could not find dataconnect.yaml in `c:\xampp\htdocs\DoneWithIt\dataconnect`
 {"metadata":{"emulator":{"name":"dataconnect"},"message":"E0926 03:16:52.006828   16688 watch.go:31] Failed to load config from \"c:\\\\xampp\\\\htdocs\\\\DoneWithIt\\\\dataconnect\": could not find dataconnect.yaml in `c:\\xampp\\htdocs\\DoneWithIt\\dataconnect`\n"}}
[debug] [2025-09-25T19:17:02.007Z] E0926 03:17:02.006892   16688 watch.go:31] Failed to load config from "c:\\xampp\\htdocs\\DoneWithIt\\dataconnect": could not find dataconnect.yaml in `c:\xampp\htdocs\DoneWithIt\dataconnect`
 {"metadata":{"emulator":{"name":"dataconnect"},"message":"E0926 03:17:02.006892   16688 watch.go:31] Failed to load config from \"c:\\\\xampp\\\\htdocs\\\\DoneWithIt\\\\dataconnect\": could not find dataconnect.yaml in `c:\\xampp\\htdocs\\DoneWithIt\\dataconnect`\n"}}
[debug] [2025-09-25T19:17:12.007Z] E0926 03:17:12.007056   16688 watch.go:31] Failed to load config from "c:\\xampp\\htdocs\\DoneWithIt\\dataconnect": could not find dataconnect.yaml in `c:\xampp\htdocs\DoneWithIt\dataconnect`
 {"metadata":{"emulator":{"name":"dataconnect"},"message":"E0926 03:17:12.007056   16688 watch.go:31] Failed to load config from \"c:\\\\xampp\\\\htdocs\\\\DoneWithIt\\\\dataconnect\": could not find dataconnect.yaml in `c:\\xampp\\htdocs\\DoneWithIt\\dataconnect`\n"}}
[debug] [2025-09-25T19:17:22.007Z] E0926 03:17:22.006750   16688 watch.go:31] Failed to load config from "c:\\xampp\\htdocs\\DoneWithIt\\dataconnect": could not find dataconnect.yaml in `c:\xampp\htdocs\DoneWithIt\dataconnect`
 {"metadata":{"emulator":{"name":"dataconnect"},"message":"E0926 03:17:22.006750   16688 watch.go:31] Failed to load config from \"c:\\\\xampp\\\\htdocs\\\\DoneWithIt\\\\dataconnect\": could not find dataconnect.yaml in `c:\\xampp\\htdocs\\DoneWithIt\\dataconnect`\n"}}
[debug] [2025-09-25T19:17:32.007Z] E0926 03:17:32.006892   16688 watch.go:31] Failed to load config from "c:\\xampp\\htdocs\\DoneWithIt\\dataconnect": could not find dataconnect.yaml in `c:\xampp\htdocs\DoneWithIt\dataconnect`
 {"metadata":{"emulator":{"name":"dataconnect"},"message":"E0926 03:17:32.006892   16688 watch.go:31] Failed to load config from \"c:\\\\xampp\\\\htdocs\\\\DoneWithIt\\\\dataconnect\": could not find dataconnect.yaml in `c:\\xampp\\htdocs\\DoneWithIt\\dataconnect`\n"}}
[debug] [2025-09-25T19:17:42.007Z] E0926 03:17:42.007032   16688 watch.go:31] Failed to load config from "c:\\xampp\\htdocs\\DoneWithIt\\dataconnect": could not find dataconnect.yaml in `c:\xampp\htdocs\DoneWithIt\dataconnect`
 {"metadata":{"emulator":{"name":"dataconnect"},"message":"E0926 03:17:42.007032   16688 watch.go:31] Failed to load config from \"c:\\\\xampp\\\\htdocs\\\\DoneWithIt\\\\dataconnect\": could not find dataconnect.yaml in `c:\\xampp\\htdocs\\DoneWithIt\\dataconnect`\n"}}
[debug] [2025-09-25T19:17:52.007Z] E0926 03:17:52.006917   16688 watch.go:31] Failed to load config from "c:\\xampp\\htdocs\\DoneWithIt\\dataconnect": could not find dataconnect.yaml in `c:\xampp\htdocs\DoneWithIt\dataconnect`
 {"metadata":{"emulator":{"name":"dataconnect"},"message":"E0926 03:17:52.006917   16688 watch.go:31] Failed to load config from \"c:\\\\xampp\\\\htdocs\\\\DoneWithIt\\\\dataconnect\": could not find dataconnect.yaml in `c:\\xampp\\htdocs\\DoneWithIt\\dataconnect`\n"}}
[debug] [2025-09-25T19:18:02.007Z] E0926 03:18:02.006863   16688 watch.go:31] Failed to load config from "c:\\xampp\\htdocs\\DoneWithIt\\dataconnect": could not find dataconnect.yaml in `c:\xampp\htdocs\DoneWithIt\dataconnect`
 {"metadata":{"emulator":{"name":"dataconnect"},"message":"E0926 03:18:02.006863   16688 watch.go:31] Failed to load config from \"c:\\\\xampp\\\\htdocs\\\\DoneWithIt\\\\dataconnect\": could not find dataconnect.yaml in `c:\\xampp\\htdocs\\DoneWithIt\\dataconnect`\n"}}
[debug] [2025-09-25T19:18:02.007Z] E0926 03:18:02.006863   16688 watch.go:102] watchAllDir unable to walk dir `c:\xampp\htdocs\DoneWithIt\dataconnect`: CreateFile c:\xampp\htdocs\DoneWithIt\dataconnect: The system cannot find the file specified.
 {"metadata":{"emulator":{"name":"dataconnect"},"message":"E0926 03:18:02.006863   16688 watch.go:102] watchAllDir unable to walk dir `c:\\xampp\\htdocs\\DoneWithIt\\dataconnect`: CreateFile c:\\xampp\\htdocs\\DoneWithIt\\dataconnect: The system cannot find the file specified.\n"}}
[debug] [2025-09-25T19:18:12.007Z] E0926 03:18:12.006889   16688 watch.go:31] Failed to load config from "c:\\xampp\\htdocs\\DoneWithIt\\dataconnect": could not find dataconnect.yaml in `c:\xampp\htdocs\DoneWithIt\dataconnect`
 {"metadata":{"emulator":{"name":"dataconnect"},"message":"E0926 03:18:12.006889   16688 watch.go:31] Failed to load config from \"c:\\\\xampp\\\\htdocs\\\\DoneWithIt\\\\dataconnect\": could not find dataconnect.yaml in `c:\\xampp\\htdocs\\DoneWithIt\\dataconnect`\n"}}
[debug] [2025-09-25T19:18:22.006Z] E0926 03:18:22.006664   16688 watch.go:31] Failed to load config from "c:\\xampp\\htdocs\\DoneWithIt\\dataconnect": could not find dataconnect.yaml in `c:\xampp\htdocs\DoneWithIt\dataconnect`
 {"metadata":{"emulator":{"name":"dataconnect"},"message":"E0926 03:18:22.006664   16688 watch.go:31] Failed to load config from \"c:\\\\xampp\\\\htdocs\\\\DoneWithIt\\\\dataconnect\": could not find dataconnect.yaml in `c:\\xampp\\htdocs\\DoneWithIt\\dataconnect`\n"}}
[debug] [2025-09-25T19:18:32.006Z] E0926 03:18:32.006637   16688 watch.go:31] Failed to load config from "c:\\xampp\\htdocs\\DoneWithIt\\dataconnect": could not find dataconnect.yaml in `c:\xampp\htdocs\DoneWithIt\dataconnect`
 {"metadata":{"emulator":{"name":"dataconnect"},"message":"E0926 03:18:32.006637   16688 watch.go:31] Failed to load config from \"c:\\\\xampp\\\\htdocs\\\\DoneWithIt\\\\dataconnect\": could not find dataconnect.yaml in `c:\\xampp\\htdocs\\DoneWithIt\\dataconnect`\n"}}
[debug] [2025-09-25T19:18:42.006Z] E0926 03:18:42.006760   16688 watch.go:31] Failed to load config from "c:\\xampp\\htdocs\\DoneWithIt\\dataconnect": could not find dataconnect.yaml in `c:\xampp\htdocs\DoneWithIt\dataconnect`
 {"metadata":{"emulator":{"name":"dataconnect"},"message":"E0926 03:18:42.006760   16688 watch.go:31] Failed to load config from \"c:\\\\xampp\\\\htdocs\\\\DoneWithIt\\\\dataconnect\": could not find dataconnect.yaml in `c:\\xampp\\htdocs\\DoneWithIt\\dataconnect`\n"}}
[debug] [2025-09-25T19:18:52.007Z] E0926 03:18:52.006723   16688 watch.go:31] Failed to load config from "c:\\xampp\\htdocs\\DoneWithIt\\dataconnect": could not find dataconnect.yaml in `c:\xampp\htdocs\DoneWithIt\dataconnect`
 {"metadata":{"emulator":{"name":"dataconnect"},"message":"E0926 03:18:52.006723   16688 watch.go:31] Failed to load config from \"c:\\\\xampp\\\\htdocs\\\\DoneWithIt\\\\dataconnect\": could not find dataconnect.yaml in `c:\\xampp\\htdocs\\DoneWithIt\\dataconnect`\n"}}
[debug] [2025-09-25T19:19:02.007Z] E0926 03:19:02.007013   16688 watch.go:31] Failed to load config from "c:\\xampp\\htdocs\\DoneWithIt\\dataconnect": could not find dataconnect.yaml in `c:\xampp\htdocs\DoneWithIt\dataconnect`
 {"metadata":{"emulator":{"name":"dataconnect"},"message":"E0926 03:19:02.007013   16688 watch.go:31] Failed to load config from \"c:\\\\xampp\\\\htdocs\\\\DoneWithIt\\\\dataconnect\": could not find dataconnect.yaml in `c:\\xampp\\htdocs\\DoneWithIt\\dataconnect`\n"}}
[debug] [2025-09-25T19:19:12.006Z] E0926 03:19:12.006613   16688 watch.go:31] Failed to load config from "c:\\xampp\\htdocs\\DoneWithIt\\dataconnect": could not find dataconnect.yaml in `c:\xampp\htdocs\DoneWithIt\dataconnect`
 {"metadata":{"emulator":{"name":"dataconnect"},"message":"E0926 03:19:12.006613   16688 watch.go:31] Failed to load config from \"c:\\\\xampp\\\\htdocs\\\\DoneWithIt\\\\dataconnect\": could not find dataconnect.yaml in `c:\\xampp\\htdocs\\DoneWithIt\\dataconnect`\n"}}
[debug] [2025-09-25T19:19:22.006Z] E0926 03:19:22.006605   16688 watch.go:31] Failed to load config from "c:\\xampp\\htdocs\\DoneWithIt\\dataconnect": could not find dataconnect.yaml in `c:\xampp\htdocs\DoneWithIt\dataconnect`
 {"metadata":{"emulator":{"name":"dataconnect"},"message":"E0926 03:19:22.006605   16688 watch.go:31] Failed to load config from \"c:\\\\xampp\\\\htdocs\\\\DoneWithIt\\\\dataconnect\": could not find dataconnect.yaml in `c:\\xampp\\htdocs\\DoneWithIt\\dataconnect`\n"}}
[debug] [2025-09-25T19:19:32.007Z] E0926 03:19:32.006957   16688 watch.go:31] Failed to load config from "c:\\xampp\\htdocs\\DoneWithIt\\dataconnect": could not find dataconnect.yaml in `c:\xampp\htdocs\DoneWithIt\dataconnect`
 {"metadata":{"emulator":{"name":"dataconnect"},"message":"E0926 03:19:32.006957   16688 watch.go:31] Failed to load config from \"c:\\\\xampp\\\\htdocs\\\\DoneWithIt\\\\dataconnect\": could not find dataconnect.yaml in `c:\\xampp\\htdocs\\DoneWithIt\\dataconnect`\n"}}
[debug] [2025-09-25T19:19:42.006Z] E0926 03:19:42.006738   16688 watch.go:31] Failed to load config from "c:\\xampp\\htdocs\\DoneWithIt\\dataconnect": could not find dataconnect.yaml in `c:\xampp\htdocs\DoneWithIt\dataconnect`
 {"metadata":{"emulator":{"name":"dataconnect"},"message":"E0926 03:19:42.006738   16688 watch.go:31] Failed to load config from \"c:\\\\xampp\\\\htdocs\\\\DoneWithIt\\\\dataconnect\": could not find dataconnect.yaml in `c:\\xampp\\htdocs\\DoneWithIt\\dataconnect`\n"}}
[debug] [2025-09-25T19:19:52.007Z] E0926 03:19:52.006826   16688 watch.go:31] Failed to load config from "c:\\xampp\\htdocs\\DoneWithIt\\dataconnect": could not find dataconnect.yaml in `c:\xampp\htdocs\DoneWithIt\dataconnect`
 {"metadata":{"emulator":{"name":"dataconnect"},"message":"E0926 03:19:52.006826   16688 watch.go:31] Failed to load config from \"c:\\\\xampp\\\\htdocs\\\\DoneWithIt\\\\dataconnect\": could not find dataconnect.yaml in `c:\\xampp\\htdocs\\DoneWithIt\\dataconnect`\n"}}
[debug] [2025-09-25T19:20:02.007Z] E0926 03:20:02.006908   16688 watch.go:31] Failed to load config from "c:\\xampp\\htdocs\\DoneWithIt\\dataconnect": could not find dataconnect.yaml in `c:\xampp\htdocs\DoneWithIt\dataconnect`
E0926 03:20:02.006908   16688 watch.go:102] watchAllDir unable to walk dir `c:\xampp\htdocs\DoneWithIt\dataconnect`: CreateFile c:\xampp\htdocs\DoneWithIt\dataconnect: The system cannot find the file specified.
 {"metadata":{"emulator":{"name":"dataconnect"},"message":"E0926 03:20:02.006908   16688 watch.go:31] Failed to load config from \"c:\\\\xampp\\\\htdocs\\\\DoneWithIt\\\\dataconnect\": could not find dataconnect.yaml in `c:\\xampp\\htdocs\\DoneWithIt\\dataconnect`\nE0926 03:20:02.006908   16688 watch.go:102] watchAllDir unable to walk dir `c:\\xampp\\htdocs\\DoneWithIt\\dataconnect`: CreateFile c:\\xampp\\htdocs\\DoneWithIt\\dataconnect: The system cannot find the file specified.\n"}}
[debug] [2025-09-25T19:20:12.006Z] E0926 03:20:12.006521   16688 watch.go:31] Failed to load config from "c:\\xampp\\htdocs\\DoneWithIt\\dataconnect": could not find dataconnect.yaml in `c:\xampp\htdocs\DoneWithIt\dataconnect`
 {"metadata":{"emulator":{"name":"dataconnect"},"message":"E0926 03:20:12.006521   16688 watch.go:31] Failed to load config from \"c:\\\\xampp\\\\htdocs\\\\DoneWithIt\\\\dataconnect\": could not find dataconnect.yaml in `c:\\xampp\\htdocs\\DoneWithIt\\dataconnect`\n"}}
[debug] [2025-09-25T19:20:22.007Z] E0926 03:20:22.006732   16688 watch.go:31] Failed to load config from "c:\\xampp\\htdocs\\DoneWithIt\\dataconnect": could not find dataconnect.yaml in `c:\xampp\htdocs\DoneWithIt\dataconnect`
 {"metadata":{"emulator":{"name":"dataconnect"},"message":"E0926 03:20:22.006732   16688 watch.go:31] Failed to load config from \"c:\\\\xampp\\\\htdocs\\\\DoneWithIt\\\\dataconnect\": could not find dataconnect.yaml in `c:\\xampp\\htdocs\\DoneWithIt\\dataconnect`\n"}}
[debug] [2025-09-25T19:20:32.006Z] E0926 03:20:32.006740   16688 watch.go:31] Failed to load config from "c:\\xampp\\htdocs\\DoneWithIt\\dataconnect": could not find dataconnect.yaml in `c:\xampp\htdocs\DoneWithIt\dataconnect`
 {"metadata":{"emulator":{"name":"dataconnect"},"message":"E0926 03:20:32.006740   16688 watch.go:31] Failed to load config from \"c:\\\\xampp\\\\htdocs\\\\DoneWithIt\\\\dataconnect\": could not find dataconnect.yaml in `c:\\xampp\\htdocs\\DoneWithIt\\dataconnect`\n"}}
[debug] [2025-09-25T19:20:42.006Z] E0926 03:20:42.006863   16688 watch.go:31] Failed to load config from "c:\\xampp\\htdocs\\DoneWithIt\\dataconnect": could not find dataconnect.yaml in `c:\xampp\htdocs\DoneWithIt\dataconnect`
 {"metadata":{"emulator":{"name":"dataconnect"},"message":"E0926 03:20:42.006863   16688 watch.go:31] Failed to load config from \"c:\\\\xampp\\\\htdocs\\\\DoneWithIt\\\\dataconnect\": could not find dataconnect.yaml in `c:\\xampp\\htdocs\\DoneWithIt\\dataconnect`\n"}}
[debug] [2025-09-25T19:20:52.006Z] E0926 03:20:52.006689   16688 watch.go:31] Failed to load config from "c:\\xampp\\htdocs\\DoneWithIt\\dataconnect": could not find dataconnect.yaml in `c:\xampp\htdocs\DoneWithIt\dataconnect`
 {"metadata":{"emulator":{"name":"dataconnect"},"message":"E0926 03:20:52.006689   16688 watch.go:31] Failed to load config from \"c:\\\\xampp\\\\htdocs\\\\DoneWithIt\\\\dataconnect\": could not find dataconnect.yaml in `c:\\xampp\\htdocs\\DoneWithIt\\dataconnect`\n"}}
[debug] [2025-09-25T19:21:02.006Z] E0926 03:21:02.006750   16688 watch.go:31] Failed to load config from "c:\\xampp\\htdocs\\DoneWithIt\\dataconnect": could not find dataconnect.yaml in `c:\xampp\htdocs\DoneWithIt\dataconnect`
 {"metadata":{"emulator":{"name":"dataconnect"},"message":"E0926 03:21:02.006750   16688 watch.go:31] Failed to load config from \"c:\\\\xampp\\\\htdocs\\\\DoneWithIt\\\\dataconnect\": could not find dataconnect.yaml in `c:\\xampp\\htdocs\\DoneWithIt\\dataconnect`\n"}}
[debug] [2025-09-25T19:21:12.006Z] E0926 03:21:12.006862   16688 watch.go:31] Failed to load config from "c:\\xampp\\htdocs\\DoneWithIt\\dataconnect": could not find dataconnect.yaml in `c:\xampp\htdocs\DoneWithIt\dataconnect`
 {"metadata":{"emulator":{"name":"dataconnect"},"message":"E0926 03:21:12.006862   16688 watch.go:31] Failed to load config from \"c:\\\\xampp\\\\htdocs\\\\DoneWithIt\\\\dataconnect\": could not find dataconnect.yaml in `c:\\xampp\\htdocs\\DoneWithIt\\dataconnect`\n"}}
[debug] [2025-09-25T19:21:22.006Z] E0926 03:21:22.006900   16688 watch.go:31] Failed to load config from "c:\\xampp\\htdocs\\DoneWithIt\\dataconnect": could not find dataconnect.yaml in `c:\xampp\htdocs\DoneWithIt\dataconnect`
 {"metadata":{"emulator":{"name":"dataconnect"},"message":"E0926 03:21:22.006900   16688 watch.go:31] Failed to load config from \"c:\\\\xampp\\\\htdocs\\\\DoneWithIt\\\\dataconnect\": could not find dataconnect.yaml in `c:\\xampp\\htdocs\\DoneWithIt\\dataconnect`\n"}}
[debug] [2025-09-25T19:21:32.006Z] E0926 03:21:32.006478   16688 watch.go:31] Failed to load config from "c:\\xampp\\htdocs\\DoneWithIt\\dataconnect": could not find dataconnect.yaml in `c:\xampp\htdocs\DoneWithIt\dataconnect`
 {"metadata":{"emulator":{"name":"dataconnect"},"message":"E0926 03:21:32.006478   16688 watch.go:31] Failed to load config from \"c:\\\\xampp\\\\htdocs\\\\DoneWithIt\\\\dataconnect\": could not find dataconnect.yaml in `c:\\xampp\\htdocs\\DoneWithIt\\dataconnect`\n"}}
[debug] [2025-09-25T19:21:42.007Z] E0926 03:21:42.006914   16688 watch.go:31] Failed to load config from "c:\\xampp\\htdocs\\DoneWithIt\\dataconnect": could not find dataconnect.yaml in `c:\xampp\htdocs\DoneWithIt\dataconnect`
 {"metadata":{"emulator":{"name":"dataconnect"},"message":"E0926 03:21:42.006914   16688 watch.go:31] Failed to load config from \"c:\\\\xampp\\\\htdocs\\\\DoneWithIt\\\\dataconnect\": could not find dataconnect.yaml in `c:\\xampp\\htdocs\\DoneWithIt\\dataconnect`\n"}}
[debug] [2025-09-25T19:21:52.006Z] E0926 03:21:52.006634   16688 watch.go:31] Failed to load config from "c:\\xampp\\htdocs\\DoneWithIt\\dataconnect": could not find dataconnect.yaml in `c:\xampp\htdocs\DoneWithIt\dataconnect`
 {"metadata":{"emulator":{"name":"dataconnect"},"message":"E0926 03:21:52.006634   16688 watch.go:31] Failed to load config from \"c:\\\\xampp\\\\htdocs\\\\DoneWithIt\\\\dataconnect\": could not find dataconnect.yaml in `c:\\xampp\\htdocs\\DoneWithIt\\dataconnect`\n"}}
[debug] [2025-09-25T19:22:02.007Z] E0926 03:22:02.006774   16688 watch.go:31] Failed to load config from "c:\\xampp\\htdocs\\DoneWithIt\\dataconnect": could not find dataconnect.yaml in `c:\xampp\htdocs\DoneWithIt\dataconnect`
 {"metadata":{"emulator":{"name":"dataconnect"},"message":"E0926 03:22:02.006774   16688 watch.go:31] Failed to load config from \"c:\\\\xampp\\\\htdocs\\\\DoneWithIt\\\\dataconnect\": could not find dataconnect.yaml in `c:\\xampp\\htdocs\\DoneWithIt\\dataconnect`\n"}}
[debug] [2025-09-25T19:22:02.007Z] E0926 03:22:02.006774   16688 watch.go:102] watchAllDir unable to walk dir `c:\xampp\htdocs\DoneWithIt\dataconnect`: CreateFile c:\xampp\htdocs\DoneWithIt\dataconnect: The system cannot find the file specified.
 {"metadata":{"emulator":{"name":"dataconnect"},"message":"E0926 03:22:02.006774   16688 watch.go:102] watchAllDir unable to walk dir `c:\\xampp\\htdocs\\DoneWithIt\\dataconnect`: CreateFile c:\\xampp\\htdocs\\DoneWithIt\\dataconnect: The system cannot find the file specified.\n"}}
[debug] [2025-09-25T19:22:12.007Z] E0926 03:22:12.007043   16688 watch.go:31] Failed to load config from "c:\\xampp\\htdocs\\DoneWithIt\\dataconnect": could not find dataconnect.yaml in `c:\xampp\htdocs\DoneWithIt\dataconnect`
 {"metadata":{"emulator":{"name":"dataconnect"},"message":"E0926 03:22:12.007043   16688 watch.go:31] Failed to load config from \"c:\\\\xampp\\\\htdocs\\\\DoneWithIt\\\\dataconnect\": could not find dataconnect.yaml in `c:\\xampp\\htdocs\\DoneWithIt\\dataconnect`\n"}}
[debug] [2025-09-25T19:22:22.007Z] E0926 03:22:22.006935   16688 watch.go:31] Failed to load config from "c:\\xampp\\htdocs\\DoneWithIt\\dataconnect": could not find dataconnect.yaml in `c:\xampp\htdocs\DoneWithIt\dataconnect`
 {"metadata":{"emulator":{"name":"dataconnect"},"message":"E0926 03:22:22.006935   16688 watch.go:31] Failed to load config from \"c:\\\\xampp\\\\htdocs\\\\DoneWithIt\\\\dataconnect\": could not find dataconnect.yaml in `c:\\xampp\\htdocs\\DoneWithIt\\dataconnect`\n"}}
[debug] [2025-09-25T19:22:32.007Z] E0926 03:22:32.006753   16688 watch.go:31] Failed to load config from "c:\\xampp\\htdocs\\DoneWithIt\\dataconnect": could not find dataconnect.yaml in `c:\xampp\htdocs\DoneWithIt\dataconnect`
 {"metadata":{"emulator":{"name":"dataconnect"},"message":"E0926 03:22:32.006753   16688 watch.go:31] Failed to load config from \"c:\\\\xampp\\\\htdocs\\\\DoneWithIt\\\\dataconnect\": could not find dataconnect.yaml in `c:\\xampp\\htdocs\\DoneWithIt\\dataconnect`\n"}}
[debug] [2025-09-25T19:22:42.007Z] E0926 03:22:42.006754   16688 watch.go:31] Failed to load config from "c:\\xampp\\htdocs\\DoneWithIt\\dataconnect": could not find dataconnect.yaml in `c:\xampp\htdocs\DoneWithIt\dataconnect`
 {"metadata":{"emulator":{"name":"dataconnect"},"message":"E0926 03:22:42.006754   16688 watch.go:31] Failed to load config from \"c:\\\\xampp\\\\htdocs\\\\DoneWithIt\\\\dataconnect\": could not find dataconnect.yaml in `c:\\xampp\\htdocs\\DoneWithIt\\dataconnect`\n"}}
[debug] [2025-09-25T19:22:52.007Z] E0926 03:22:52.006818   16688 watch.go:31] Failed to load config from "c:\\xampp\\htdocs\\DoneWithIt\\dataconnect": could not find dataconnect.yaml in `c:\xampp\htdocs\DoneWithIt\dataconnect`
 {"metadata":{"emulator":{"name":"dataconnect"},"message":"E0926 03:22:52.006818   16688 watch.go:31] Failed to load config from \"c:\\\\xampp\\\\htdocs\\\\DoneWithIt\\\\dataconnect\": could not find dataconnect.yaml in `c:\\xampp\\htdocs\\DoneWithIt\\dataconnect`\n"}}
[debug] [2025-09-25T19:23:02.007Z] E0926 03:23:02.006700   16688 watch.go:31] Failed to load config from "c:\\xampp\\htdocs\\DoneWithIt\\dataconnect": could not find dataconnect.yaml in `c:\xampp\htdocs\DoneWithIt\dataconnect`
 {"metadata":{"emulator":{"name":"dataconnect"},"message":"E0926 03:23:02.006700   16688 watch.go:31] Failed to load config from \"c:\\\\xampp\\\\htdocs\\\\DoneWithIt\\\\dataconnect\": could not find dataconnect.yaml in `c:\\xampp\\htdocs\\DoneWithIt\\dataconnect`\n"}}
[debug] [2025-09-25T19:23:12.007Z] E0926 03:23:12.006583   16688 watch.go:31] Failed to load config from "c:\\xampp\\htdocs\\DoneWithIt\\dataconnect": could not find dataconnect.yaml in `c:\xampp\htdocs\DoneWithIt\dataconnect`
 {"metadata":{"emulator":{"name":"dataconnect"},"message":"E0926 03:23:12.006583   16688 watch.go:31] Failed to load config from \"c:\\\\xampp\\\\htdocs\\\\DoneWithIt\\\\dataconnect\": could not find dataconnect.yaml in `c:\\xampp\\htdocs\\DoneWithIt\\dataconnect`\n"}}
[debug] [2025-09-25T19:23:22.006Z] E0926 03:23:22.006528   16688 watch.go:31] Failed to load config from "c:\\xampp\\htdocs\\DoneWithIt\\dataconnect": could not find dataconnect.yaml in `c:\xampp\htdocs\DoneWithIt\dataconnect`
 {"metadata":{"emulator":{"name":"dataconnect"},"message":"E0926 03:23:22.006528   16688 watch.go:31] Failed to load config from \"c:\\\\xampp\\\\htdocs\\\\DoneWithIt\\\\dataconnect\": could not find dataconnect.yaml in `c:\\xampp\\htdocs\\DoneWithIt\\dataconnect`\n"}}
[debug] [2025-09-25T19:23:32.006Z] E0926 03:23:32.006486   16688 watch.go:31] Failed to load config from "c:\\xampp\\htdocs\\DoneWithIt\\dataconnect": could not find dataconnect.yaml in `c:\xampp\htdocs\DoneWithIt\dataconnect`
 {"metadata":{"emulator":{"name":"dataconnect"},"message":"E0926 03:23:32.006486   16688 watch.go:31] Failed to load config from \"c:\\\\xampp\\\\htdocs\\\\DoneWithIt\\\\dataconnect\": could not find dataconnect.yaml in `c:\\xampp\\htdocs\\DoneWithIt\\dataconnect`\n"}}
[debug] [2025-09-25T19:23:42.006Z] E0926 03:23:42.006588   16688 watch.go:31] Failed to load config from "c:\\xampp\\htdocs\\DoneWithIt\\dataconnect": could not find dataconnect.yaml in `c:\xampp\htdocs\DoneWithIt\dataconnect`
 {"metadata":{"emulator":{"name":"dataconnect"},"message":"E0926 03:23:42.006588   16688 watch.go:31] Failed to load config from \"c:\\\\xampp\\\\htdocs\\\\DoneWithIt\\\\dataconnect\": could not find dataconnect.yaml in `c:\\xampp\\htdocs\\DoneWithIt\\dataconnect`\n"}}
[debug] [2025-09-25T19:23:52.006Z] E0926 03:23:52.006875   16688 watch.go:31] Failed to load config from "c:\\xampp\\htdocs\\DoneWithIt\\dataconnect": could not find dataconnect.yaml in `c:\xampp\htdocs\DoneWithIt\dataconnect`
 {"metadata":{"emulator":{"name":"dataconnect"},"message":"E0926 03:23:52.006875   16688 watch.go:31] Failed to load config from \"c:\\\\xampp\\\\htdocs\\\\DoneWithIt\\\\dataconnect\": could not find dataconnect.yaml in `c:\\xampp\\htdocs\\DoneWithIt\\dataconnect`\n"}}
[debug] [2025-09-25T19:24:02.006Z] E0926 03:24:02.006547   16688 watch.go:31] Failed to load config from "c:\\xampp\\htdocs\\DoneWithIt\\dataconnect": could not find dataconnect.yaml in `c:\xampp\htdocs\DoneWithIt\dataconnect`
E0926 03:24:02.006547   16688 watch.go:102] watchAllDir unable to walk dir `c:\xampp\htdocs\DoneWithIt\dataconnect`: CreateFile c:\xampp\htdocs\DoneWithIt\dataconnect: The system cannot find the file specified.
 {"metadata":{"emulator":{"name":"dataconnect"},"message":"E0926 03:24:02.006547   16688 watch.go:31] Failed to load config from \"c:\\\\xampp\\\\htdocs\\\\DoneWithIt\\\\dataconnect\": could not find dataconnect.yaml in `c:\\xampp\\htdocs\\DoneWithIt\\dataconnect`\nE0926 03:24:02.006547   16688 watch.go:102] watchAllDir unable to walk dir `c:\\xampp\\htdocs\\DoneWithIt\\dataconnect`: CreateFile c:\\xampp\\htdocs\\DoneWithIt\\dataconnect: The system cannot find the file specified.\n"}}
[debug] [2025-09-25T19:24:12.006Z] E0926 03:24:12.006855   16688 watch.go:31] Failed to load config from "c:\\xampp\\htdocs\\DoneWithIt\\dataconnect": could not find dataconnect.yaml in `c:\xampp\htdocs\DoneWithIt\dataconnect`
 {"metadata":{"emulator":{"name":"dataconnect"},"message":"E0926 03:24:12.006855   16688 watch.go:31] Failed to load config from \"c:\\\\xampp\\\\htdocs\\\\DoneWithIt\\\\dataconnect\": could not find dataconnect.yaml in `c:\\xampp\\htdocs\\DoneWithIt\\dataconnect`\n"}}
[debug] [2025-09-25T19:24:22.006Z] E0926 03:24:22.006695   16688 watch.go:31] Failed to load config from "c:\\xampp\\htdocs\\DoneWithIt\\dataconnect": could not find dataconnect.yaml in `c:\xampp\htdocs\DoneWithIt\dataconnect`
 {"metadata":{"emulator":{"name":"dataconnect"},"message":"E0926 03:24:22.006695   16688 watch.go:31] Failed to load config from \"c:\\\\xampp\\\\htdocs\\\\DoneWithIt\\\\dataconnect\": could not find dataconnect.yaml in `c:\\xampp\\htdocs\\DoneWithIt\\dataconnect`\n"}}
[debug] [2025-09-25T19:24:32.006Z] E0926 03:24:32.006534   16688 watch.go:31] Failed to load config from "c:\\xampp\\htdocs\\DoneWithIt\\dataconnect": could not find dataconnect.yaml in `c:\xampp\htdocs\DoneWithIt\dataconnect`
 {"metadata":{"emulator":{"name":"dataconnect"},"message":"E0926 03:24:32.006534   16688 watch.go:31] Failed to load config from \"c:\\\\xampp\\\\htdocs\\\\DoneWithIt\\\\dataconnect\": could not find dataconnect.yaml in `c:\\xampp\\htdocs\\DoneWithIt\\dataconnect`\n"}}
[debug] [2025-09-25T19:24:42.007Z] E0926 03:24:42.006777   16688 watch.go:31] Failed to load config from "c:\\xampp\\htdocs\\DoneWithIt\\dataconnect": could not find dataconnect.yaml in `c:\xampp\htdocs\DoneWithIt\dataconnect`
 {"metadata":{"emulator":{"name":"dataconnect"},"message":"E0926 03:24:42.006777   16688 watch.go:31] Failed to load config from \"c:\\\\xampp\\\\htdocs\\\\DoneWithIt\\\\dataconnect\": could not find dataconnect.yaml in `c:\\xampp\\htdocs\\DoneWithIt\\dataconnect`\n"}}
[debug] [2025-09-25T19:24:52.007Z] E0926 03:24:52.006714   16688 watch.go:31] Failed to load config from "c:\\xampp\\htdocs\\DoneWithIt\\dataconnect": could not find dataconnect.yaml in `c:\xampp\htdocs\DoneWithIt\dataconnect`
 {"metadata":{"emulator":{"name":"dataconnect"},"message":"E0926 03:24:52.006714   16688 watch.go:31] Failed to load config from \"c:\\\\xampp\\\\htdocs\\\\DoneWithIt\\\\dataconnect\": could not find dataconnect.yaml in `c:\\xampp\\htdocs\\DoneWithIt\\dataconnect`\n"}}
[debug] [2025-09-25T19:25:02.007Z] E0926 03:25:02.006727   16688 watch.go:31] Failed to load config from "c:\\xampp\\htdocs\\DoneWithIt\\dataconnect": could not find dataconnect.yaml in `c:\xampp\htdocs\DoneWithIt\dataconnect`
 {"metadata":{"emulator":{"name":"dataconnect"},"message":"E0926 03:25:02.006727   16688 watch.go:31] Failed to load config from \"c:\\\\xampp\\\\htdocs\\\\DoneWithIt\\\\dataconnect\": could not find dataconnect.yaml in `c:\\xampp\\htdocs\\DoneWithIt\\dataconnect`\n"}}
[debug] [2025-09-25T19:25:12.007Z] E0926 03:25:12.006915   16688 watch.go:31] Failed to load config from "c:\\xampp\\htdocs\\DoneWithIt\\dataconnect": could not find dataconnect.yaml in `c:\xampp\htdocs\DoneWithIt\dataconnect`
 {"metadata":{"emulator":{"name":"dataconnect"},"message":"E0926 03:25:12.006915   16688 watch.go:31] Failed to load config from \"c:\\\\xampp\\\\htdocs\\\\DoneWithIt\\\\dataconnect\": could not find dataconnect.yaml in `c:\\xampp\\htdocs\\DoneWithIt\\dataconnect`\n"}}
[debug] [2025-09-25T19:25:22.006Z] E0926 03:25:22.006563   16688 watch.go:31] Failed to load config from "c:\\xampp\\htdocs\\DoneWithIt\\dataconnect": could not find dataconnect.yaml in `c:\xampp\htdocs\DoneWithIt\dataconnect`
 {"metadata":{"emulator":{"name":"dataconnect"},"message":"E0926 03:25:22.006563   16688 watch.go:31] Failed to load config from \"c:\\\\xampp\\\\htdocs\\\\DoneWithIt\\\\dataconnect\": could not find dataconnect.yaml in `c:\\xampp\\htdocs\\DoneWithIt\\dataconnect`\n"}}
[debug] [2025-09-25T19:25:32.007Z] E0926 03:25:32.006968   16688 watch.go:31] Failed to load config from "c:\\xampp\\htdocs\\DoneWithIt\\dataconnect": could not find dataconnect.yaml in `c:\xampp\htdocs\DoneWithIt\dataconnect`
 {"metadata":{"emulator":{"name":"dataconnect"},"message":"E0926 03:25:32.006968   16688 watch.go:31] Failed to load config from \"c:\\\\xampp\\\\htdocs\\\\DoneWithIt\\\\dataconnect\": could not find dataconnect.yaml in `c:\\xampp\\htdocs\\DoneWithIt\\dataconnect`\n"}}
[debug] [2025-09-25T19:25:42.006Z] E0926 03:25:42.006609   16688 watch.go:31] Failed to load config from "c:\\xampp\\htdocs\\DoneWithIt\\dataconnect": could not find dataconnect.yaml in `c:\xampp\htdocs\DoneWithIt\dataconnect`
 {"metadata":{"emulator":{"name":"dataconnect"},"message":"E0926 03:25:42.006609   16688 watch.go:31] Failed to load config from \"c:\\\\xampp\\\\htdocs\\\\DoneWithIt\\\\dataconnect\": could not find dataconnect.yaml in `c:\\xampp\\htdocs\\DoneWithIt\\dataconnect`\n"}}
[debug] [2025-09-25T19:25:52.006Z] E0926 03:25:52.006699   16688 watch.go:31] Failed to load config from "c:\\xampp\\htdocs\\DoneWithIt\\dataconnect": could not find dataconnect.yaml in `c:\xampp\htdocs\DoneWithIt\dataconnect`
 {"metadata":{"emulator":{"name":"dataconnect"},"message":"E0926 03:25:52.006699   16688 watch.go:31] Failed to load config from \"c:\\\\xampp\\\\htdocs\\\\DoneWithIt\\\\dataconnect\": could not find dataconnect.yaml in `c:\\xampp\\htdocs\\DoneWithIt\\dataconnect`\n"}}
[debug] [2025-09-25T19:26:02.006Z] E0926 03:26:02.006495   16688 watch.go:31] Failed to load config from "c:\\xampp\\htdocs\\DoneWithIt\\dataconnect": could not find dataconnect.yaml in `c:\xampp\htdocs\DoneWithIt\dataconnect`
 {"metadata":{"emulator":{"name":"dataconnect"},"message":"E0926 03:26:02.006495   16688 watch.go:31] Failed to load config from \"c:\\\\xampp\\\\htdocs\\\\DoneWithIt\\\\dataconnect\": could not find dataconnect.yaml in `c:\\xampp\\htdocs\\DoneWithIt\\dataconnect`\n"}}
[debug] [2025-09-25T19:26:02.007Z] E0926 03:26:02.006495   16688 watch.go:102] watchAllDir unable to walk dir `c:\xampp\htdocs\DoneWithIt\dataconnect`: CreateFile c:\xampp\htdocs\DoneWithIt\dataconnect: The system cannot find the file specified.
 {"metadata":{"emulator":{"name":"dataconnect"},"message":"E0926 03:26:02.006495   16688 watch.go:102] watchAllDir unable to walk dir `c:\\xampp\\htdocs\\DoneWithIt\\dataconnect`: CreateFile c:\\xampp\\htdocs\\DoneWithIt\\dataconnect: The system cannot find the file specified.\n"}}
[debug] [2025-09-25T19:26:12.006Z] E0926 03:26:12.006739   16688 watch.go:31] Failed to load config from "c:\\xampp\\htdocs\\DoneWithIt\\dataconnect": could not find dataconnect.yaml in `c:\xampp\htdocs\DoneWithIt\dataconnect`
 {"metadata":{"emulator":{"name":"dataconnect"},"message":"E0926 03:26:12.006739   16688 watch.go:31] Failed to load config from \"c:\\\\xampp\\\\htdocs\\\\DoneWithIt\\\\dataconnect\": could not find dataconnect.yaml in `c:\\xampp\\htdocs\\DoneWithIt\\dataconnect`\n"}}
[debug] [2025-09-25T19:26:22.006Z] E0926 03:26:22.006578   16688 watch.go:31] Failed to load config from "c:\\xampp\\htdocs\\DoneWithIt\\dataconnect": could not find dataconnect.yaml in `c:\xampp\htdocs\DoneWithIt\dataconnect`
 {"metadata":{"emulator":{"name":"dataconnect"},"message":"E0926 03:26:22.006578   16688 watch.go:31] Failed to load config from \"c:\\\\xampp\\\\htdocs\\\\DoneWithIt\\\\dataconnect\": could not find dataconnect.yaml in `c:\\xampp\\htdocs\\DoneWithIt\\dataconnect`\n"}}
[debug] [2025-09-25T19:26:32.006Z] E0926 03:26:32.006612   16688 watch.go:31] Failed to load config from "c:\\xampp\\htdocs\\DoneWithIt\\dataconnect": could not find dataconnect.yaml in `c:\xampp\htdocs\DoneWithIt\dataconnect`
 {"metadata":{"emulator":{"name":"dataconnect"},"message":"E0926 03:26:32.006612   16688 watch.go:31] Failed to load config from \"c:\\\\xampp\\\\htdocs\\\\DoneWithIt\\\\dataconnect\": could not find dataconnect.yaml in `c:\\xampp\\htdocs\\DoneWithIt\\dataconnect`\n"}}
[debug] [2025-09-25T19:26:42.006Z] E0926 03:26:42.006553   16688 watch.go:31] Failed to load config from "c:\\xampp\\htdocs\\DoneWithIt\\dataconnect": could not find dataconnect.yaml in `c:\xampp\htdocs\DoneWithIt\dataconnect`
 {"metadata":{"emulator":{"name":"dataconnect"},"message":"E0926 03:26:42.006553   16688 watch.go:31] Failed to load config from \"c:\\\\xampp\\\\htdocs\\\\DoneWithIt\\\\dataconnect\": could not find dataconnect.yaml in `c:\\xampp\\htdocs\\DoneWithIt\\dataconnect`\n"}}
[debug] [2025-09-25T19:26:52.007Z] E0926 03:26:52.006842   16688 watch.go:31] Failed to load config from "c:\\xampp\\htdocs\\DoneWithIt\\dataconnect": could not find dataconnect.yaml in `c:\xampp\htdocs\DoneWithIt\dataconnect`
 {"metadata":{"emulator":{"name":"dataconnect"},"message":"E0926 03:26:52.006842   16688 watch.go:31] Failed to load config from \"c:\\\\xampp\\\\htdocs\\\\DoneWithIt\\\\dataconnect\": could not find dataconnect.yaml in `c:\\xampp\\htdocs\\DoneWithIt\\dataconnect`\n"}}
[debug] [2025-09-25T19:27:02.006Z] E0926 03:27:02.006534   16688 watch.go:31] Failed to load config from "c:\\xampp\\htdocs\\DoneWithIt\\dataconnect": could not find dataconnect.yaml in `c:\xampp\htdocs\DoneWithIt\dataconnect`
 {"metadata":{"emulator":{"name":"dataconnect"},"message":"E0926 03:27:02.006534   16688 watch.go:31] Failed to load config from \"c:\\\\xampp\\\\htdocs\\\\DoneWithIt\\\\dataconnect\": could not find dataconnect.yaml in `c:\\xampp\\htdocs\\DoneWithIt\\dataconnect`\n"}}
[debug] [2025-09-25T19:27:12.007Z] E0926 03:27:12.007046   16688 watch.go:31] Failed to load config from "c:\\xampp\\htdocs\\DoneWithIt\\dataconnect": could not find dataconnect.yaml in `c:\xampp\htdocs\DoneWithIt\dataconnect`
 {"metadata":{"emulator":{"name":"dataconnect"},"message":"E0926 03:27:12.007046   16688 watch.go:31] Failed to load config from \"c:\\\\xampp\\\\htdocs\\\\DoneWithIt\\\\dataconnect\": could not find dataconnect.yaml in `c:\\xampp\\htdocs\\DoneWithIt\\dataconnect`\n"}}
[debug] [2025-09-25T19:27:22.007Z] E0926 03:27:22.006824   16688 watch.go:31] Failed to load config from "c:\\xampp\\htdocs\\DoneWithIt\\dataconnect": could not find dataconnect.yaml in `c:\xampp\htdocs\DoneWithIt\dataconnect`
 {"metadata":{"emulator":{"name":"dataconnect"},"message":"E0926 03:27:22.006824   16688 watch.go:31] Failed to load config from \"c:\\\\xampp\\\\htdocs\\\\DoneWithIt\\\\dataconnect\": could not find dataconnect.yaml in `c:\\xampp\\htdocs\\DoneWithIt\\dataconnect`\n"}}
[debug] [2025-09-25T19:27:32.007Z] E0926 03:27:32.006818   16688 watch.go:31] Failed to load config from "c:\\xampp\\htdocs\\DoneWithIt\\dataconnect": could not find dataconnect.yaml in `c:\xampp\htdocs\DoneWithIt\dataconnect`
 {"metadata":{"emulator":{"name":"dataconnect"},"message":"E0926 03:27:32.006818   16688 watch.go:31] Failed to load config from \"c:\\\\xampp\\\\htdocs\\\\DoneWithIt\\\\dataconnect\": could not find dataconnect.yaml in `c:\\xampp\\htdocs\\DoneWithIt\\dataconnect`\n"}}
[debug] [2025-09-25T19:27:42.007Z] E0926 03:27:42.006894   16688 watch.go:31] Failed to load config from "c:\\xampp\\htdocs\\DoneWithIt\\dataconnect": could not find dataconnect.yaml in `c:\xampp\htdocs\DoneWithIt\dataconnect`
 {"metadata":{"emulator":{"name":"dataconnect"},"message":"E0926 03:27:42.006894   16688 watch.go:31] Failed to load config from \"c:\\\\xampp\\\\htdocs\\\\DoneWithIt\\\\dataconnect\": could not find dataconnect.yaml in `c:\\xampp\\htdocs\\DoneWithIt\\dataconnect`\n"}}
[debug] [2025-09-25T19:27:52.006Z] E0926 03:27:52.006710   16688 watch.go:31] Failed to load config from "c:\\xampp\\htdocs\\DoneWithIt\\dataconnect": could not find dataconnect.yaml in `c:\xampp\htdocs\DoneWithIt\dataconnect`
 {"metadata":{"emulator":{"name":"dataconnect"},"message":"E0926 03:27:52.006710   16688 watch.go:31] Failed to load config from \"c:\\\\xampp\\\\htdocs\\\\DoneWithIt\\\\dataconnect\": could not find dataconnect.yaml in `c:\\xampp\\htdocs\\DoneWithIt\\dataconnect`\n"}}
[debug] [2025-09-25T19:28:02.007Z] E0926 03:28:02.006895   16688 watch.go:31] Failed to load config from "c:\\xampp\\htdocs\\DoneWithIt\\dataconnect": could not find dataconnect.yaml in `c:\xampp\htdocs\DoneWithIt\dataconnect`
 {"metadata":{"emulator":{"name":"dataconnect"},"message":"E0926 03:28:02.006895   16688 watch.go:31] Failed to load config from \"c:\\\\xampp\\\\htdocs\\\\DoneWithIt\\\\dataconnect\": could not find dataconnect.yaml in `c:\\xampp\\htdocs\\DoneWithIt\\dataconnect`\n"}}
[debug] [2025-09-25T19:28:02.007Z] E0926 03:28:02.006895   16688 watch.go:102] watchAllDir unable to walk dir `c:\xampp\htdocs\DoneWithIt\dataconnect`: CreateFile c:\xampp\htdocs\DoneWithIt\dataconnect: The system cannot find the file specified.
 {"metadata":{"emulator":{"name":"dataconnect"},"message":"E0926 03:28:02.006895   16688 watch.go:102] watchAllDir unable to walk dir `c:\\xampp\\htdocs\\DoneWithIt\\dataconnect`: CreateFile c:\\xampp\\htdocs\\DoneWithIt\\dataconnect: The system cannot find the file specified.\n"}}
[debug] [2025-09-25T19:28:12.007Z] E0926 03:28:12.006929   16688 watch.go:31] Failed to load config from "c:\\xampp\\htdocs\\DoneWithIt\\dataconnect": could not find dataconnect.yaml in `c:\xampp\htdocs\DoneWithIt\dataconnect`
 {"metadata":{"emulator":{"name":"dataconnect"},"message":"E0926 03:28:12.006929   16688 watch.go:31] Failed to load config from \"c:\\\\xampp\\\\htdocs\\\\DoneWithIt\\\\dataconnect\": could not find dataconnect.yaml in `c:\\xampp\\htdocs\\DoneWithIt\\dataconnect`\n"}}
[debug] [2025-09-25T19:28:22.007Z] E0926 03:28:22.006860   16688 watch.go:31] Failed to load config from "c:\\xampp\\htdocs\\DoneWithIt\\dataconnect": could not find dataconnect.yaml in `c:\xampp\htdocs\DoneWithIt\dataconnect`
 {"metadata":{"emulator":{"name":"dataconnect"},"message":"E0926 03:28:22.006860   16688 watch.go:31] Failed to load config from \"c:\\\\xampp\\\\htdocs\\\\DoneWithIt\\\\dataconnect\": could not find dataconnect.yaml in `c:\\xampp\\htdocs\\DoneWithIt\\dataconnect`\n"}}
[debug] [2025-09-25T19:28:32.007Z] E0926 03:28:32.006868   16688 watch.go:31] Failed to load config from "c:\\xampp\\htdocs\\DoneWithIt\\dataconnect": could not find dataconnect.yaml in `c:\xampp\htdocs\DoneWithIt\dataconnect`
 {"metadata":{"emulator":{"name":"dataconnect"},"message":"E0926 03:28:32.006868   16688 watch.go:31] Failed to load config from \"c:\\\\xampp\\\\htdocs\\\\DoneWithIt\\\\dataconnect\": could not find dataconnect.yaml in `c:\\xampp\\htdocs\\DoneWithIt\\dataconnect`\n"}}
[debug] [2025-09-25T19:28:42.007Z] E0926 03:28:42.006949   16688 watch.go:31] Failed to load config from "c:\\xampp\\htdocs\\DoneWithIt\\dataconnect": could not find dataconnect.yaml in `c:\xampp\htdocs\DoneWithIt\dataconnect`
 {"metadata":{"emulator":{"name":"dataconnect"},"message":"E0926 03:28:42.006949   16688 watch.go:31] Failed to load config from \"c:\\\\xampp\\\\htdocs\\\\DoneWithIt\\\\dataconnect\": could not find dataconnect.yaml in `c:\\xampp\\htdocs\\DoneWithIt\\dataconnect`\n"}}
[debug] [2025-09-25T19:28:52.007Z] E0926 03:28:52.006882   16688 watch.go:31] Failed to load config from "c:\\xampp\\htdocs\\DoneWithIt\\dataconnect": could not find dataconnect.yaml in `c:\xampp\htdocs\DoneWithIt\dataconnect`
 {"metadata":{"emulator":{"name":"dataconnect"},"message":"E0926 03:28:52.006882   16688 watch.go:31] Failed to load config from \"c:\\\\xampp\\\\htdocs\\\\DoneWithIt\\\\dataconnect\": could not find dataconnect.yaml in `c:\\xampp\\htdocs\\DoneWithIt\\dataconnect`\n"}}
[debug] [2025-09-25T19:29:02.007Z] E0926 03:29:02.006838   16688 watch.go:31] Failed to load config from "c:\\xampp\\htdocs\\DoneWithIt\\dataconnect": could not find dataconnect.yaml in `c:\xampp\htdocs\DoneWithIt\dataconnect`
 {"metadata":{"emulator":{"name":"dataconnect"},"message":"E0926 03:29:02.006838   16688 watch.go:31] Failed to load config from \"c:\\\\xampp\\\\htdocs\\\\DoneWithIt\\\\dataconnect\": could not find dataconnect.yaml in `c:\\xampp\\htdocs\\DoneWithIt\\dataconnect`\n"}}
[debug] [2025-09-25T19:29:12.007Z] E0926 03:29:12.006682   16688 watch.go:31] Failed to load config from "c:\\xampp\\htdocs\\DoneWithIt\\dataconnect": could not find dataconnect.yaml in `c:\xampp\htdocs\DoneWithIt\dataconnect`
 {"metadata":{"emulator":{"name":"dataconnect"},"message":"E0926 03:29:12.006682   16688 watch.go:31] Failed to load config from \"c:\\\\xampp\\\\htdocs\\\\DoneWithIt\\\\dataconnect\": could not find dataconnect.yaml in `c:\\xampp\\htdocs\\DoneWithIt\\dataconnect`\n"}}
[debug] [2025-09-25T19:29:22.007Z] E0926 03:29:22.006848   16688 watch.go:31] Failed to load config from "c:\\xampp\\htdocs\\DoneWithIt\\dataconnect": could not find dataconnect.yaml in `c:\xampp\htdocs\DoneWithIt\dataconnect`
 {"metadata":{"emulator":{"name":"dataconnect"},"message":"E0926 03:29:22.006848   16688 watch.go:31] Failed to load config from \"c:\\\\xampp\\\\htdocs\\\\DoneWithIt\\\\dataconnect\": could not find dataconnect.yaml in `c:\\xampp\\htdocs\\DoneWithIt\\dataconnect`\n"}}
[debug] [2025-09-25T19:29:32.006Z] E0926 03:29:32.006548   16688 watch.go:31] Failed to load config from "c:\\xampp\\htdocs\\DoneWithIt\\dataconnect": could not find dataconnect.yaml in `c:\xampp\htdocs\DoneWithIt\dataconnect`
 {"metadata":{"emulator":{"name":"dataconnect"},"message":"E0926 03:29:32.006548   16688 watch.go:31] Failed to load config from \"c:\\\\xampp\\\\htdocs\\\\DoneWithIt\\\\dataconnect\": could not find dataconnect.yaml in `c:\\xampp\\htdocs\\DoneWithIt\\dataconnect`\n"}}
[debug] [2025-09-25T19:29:42.006Z] E0926 03:29:42.006702   16688 watch.go:31] Failed to load config from "c:\\xampp\\htdocs\\DoneWithIt\\dataconnect": could not find dataconnect.yaml in `c:\xampp\htdocs\DoneWithIt\dataconnect`
 {"metadata":{"emulator":{"name":"dataconnect"},"message":"E0926 03:29:42.006702   16688 watch.go:31] Failed to load config from \"c:\\\\xampp\\\\htdocs\\\\DoneWithIt\\\\dataconnect\": could not find dataconnect.yaml in `c:\\xampp\\htdocs\\DoneWithIt\\dataconnect`\n"}}
[debug] [2025-09-25T19:29:52.006Z] E0926 03:29:52.006723   16688 watch.go:31] Failed to load config from "c:\\xampp\\htdocs\\DoneWithIt\\dataconnect": could not find dataconnect.yaml in `c:\xampp\htdocs\DoneWithIt\dataconnect`
 {"metadata":{"emulator":{"name":"dataconnect"},"message":"E0926 03:29:52.006723   16688 watch.go:31] Failed to load config from \"c:\\\\xampp\\\\htdocs\\\\DoneWithIt\\\\dataconnect\": could not find dataconnect.yaml in `c:\\xampp\\htdocs\\DoneWithIt\\dataconnect`\n"}}
[debug] [2025-09-25T19:30:02.006Z] E0926 03:30:02.006686   16688 watch.go:31] Failed to load config from "c:\\xampp\\htdocs\\DoneWithIt\\dataconnect": could not find dataconnect.yaml in `c:\xampp\htdocs\DoneWithIt\dataconnect`
E0926 03:30:02.006686   16688 watch.go:102] watchAllDir unable to walk dir `c:\xampp\htdocs\DoneWithIt\dataconnect`: CreateFile c:\xampp\htdocs\DoneWithIt\dataconnect: The system cannot find the file specified.
 {"metadata":{"emulator":{"name":"dataconnect"},"message":"E0926 03:30:02.006686   16688 watch.go:31] Failed to load config from \"c:\\\\xampp\\\\htdocs\\\\DoneWithIt\\\\dataconnect\": could not find dataconnect.yaml in `c:\\xampp\\htdocs\\DoneWithIt\\dataconnect`\nE0926 03:30:02.006686   16688 watch.go:102] watchAllDir unable to walk dir `c:\\xampp\\htdocs\\DoneWithIt\\dataconnect`: CreateFile c:\\xampp\\htdocs\\DoneWithIt\\dataconnect: The system cannot find the file specified.\n"}}
[debug] [2025-09-25T19:30:12.006Z] E0926 03:30:12.006945   16688 watch.go:31] Failed to load config from "c:\\xampp\\htdocs\\DoneWithIt\\dataconnect": could not find dataconnect.yaml in `c:\xampp\htdocs\DoneWithIt\dataconnect`
 {"metadata":{"emulator":{"name":"dataconnect"},"message":"E0926 03:30:12.006945   16688 watch.go:31] Failed to load config from \"c:\\\\xampp\\\\htdocs\\\\DoneWithIt\\\\dataconnect\": could not find dataconnect.yaml in `c:\\xampp\\htdocs\\DoneWithIt\\dataconnect`\n"}}
[debug] [2025-09-25T19:30:22.006Z] E0926 03:30:22.006676   16688 watch.go:31] Failed to load config from "c:\\xampp\\htdocs\\DoneWithIt\\dataconnect": could not find dataconnect.yaml in `c:\xampp\htdocs\DoneWithIt\dataconnect`
 {"metadata":{"emulator":{"name":"dataconnect"},"message":"E0926 03:30:22.006676   16688 watch.go:31] Failed to load config from \"c:\\\\xampp\\\\htdocs\\\\DoneWithIt\\\\dataconnect\": could not find dataconnect.yaml in `c:\\xampp\\htdocs\\DoneWithIt\\dataconnect`\n"}}
[debug] [2025-09-25T19:30:32.007Z] E0926 03:30:32.006980   16688 watch.go:31] Failed to load config from "c:\\xampp\\htdocs\\DoneWithIt\\dataconnect": could not find dataconnect.yaml in `c:\xampp\htdocs\DoneWithIt\dataconnect`
 {"metadata":{"emulator":{"name":"dataconnect"},"message":"E0926 03:30:32.006980   16688 watch.go:31] Failed to load config from \"c:\\\\xampp\\\\htdocs\\\\DoneWithIt\\\\dataconnect\": could not find dataconnect.yaml in `c:\\xampp\\htdocs\\DoneWithIt\\dataconnect`\n"}}
[debug] [2025-09-25T19:30:42.007Z] E0926 03:30:42.007022   16688 watch.go:31] Failed to load config from "c:\\xampp\\htdocs\\DoneWithIt\\dataconnect": could not find dataconnect.yaml in `c:\xampp\htdocs\DoneWithIt\dataconnect`
 {"metadata":{"emulator":{"name":"dataconnect"},"message":"E0926 03:30:42.007022   16688 watch.go:31] Failed to load config from \"c:\\\\xampp\\\\htdocs\\\\DoneWithIt\\\\dataconnect\": could not find dataconnect.yaml in `c:\\xampp\\htdocs\\DoneWithIt\\dataconnect`\n"}}
[debug] [2025-09-25T19:30:52.006Z] E0926 03:30:52.006541   16688 watch.go:31] Failed to load config from "c:\\xampp\\htdocs\\DoneWithIt\\dataconnect": could not find dataconnect.yaml in `c:\xampp\htdocs\DoneWithIt\dataconnect`
 {"metadata":{"emulator":{"name":"dataconnect"},"message":"E0926 03:30:52.006541   16688 watch.go:31] Failed to load config from \"c:\\\\xampp\\\\htdocs\\\\DoneWithIt\\\\dataconnect\": could not find dataconnect.yaml in `c:\\xampp\\htdocs\\DoneWithIt\\dataconnect`\n"}}
[debug] [2025-09-25T19:31:02.006Z] E0926 03:31:02.006706   16688 watch.go:31] Failed to load config from "c:\\xampp\\htdocs\\DoneWithIt\\dataconnect": could not find dataconnect.yaml in `c:\xampp\htdocs\DoneWithIt\dataconnect`
 {"metadata":{"emulator":{"name":"dataconnect"},"message":"E0926 03:31:02.006706   16688 watch.go:31] Failed to load config from \"c:\\\\xampp\\\\htdocs\\\\DoneWithIt\\\\dataconnect\": could not find dataconnect.yaml in `c:\\xampp\\htdocs\\DoneWithIt\\dataconnect`\n"}}
[debug] [2025-09-25T19:31:12.006Z] E0926 03:31:12.006579   16688 watch.go:31] Failed to load config from "c:\\xampp\\htdocs\\DoneWithIt\\dataconnect": could not find dataconnect.yaml in `c:\xampp\htdocs\DoneWithIt\dataconnect`
 {"metadata":{"emulator":{"name":"dataconnect"},"message":"E0926 03:31:12.006579   16688 watch.go:31] Failed to load config from \"c:\\\\xampp\\\\htdocs\\\\DoneWithIt\\\\dataconnect\": could not find dataconnect.yaml in `c:\\xampp\\htdocs\\DoneWithIt\\dataconnect`\n"}}
[debug] [2025-09-25T19:31:22.006Z] E0926 03:31:22.006783   16688 watch.go:31] Failed to load config from "c:\\xampp\\htdocs\\DoneWithIt\\dataconnect": could not find dataconnect.yaml in `c:\xampp\htdocs\DoneWithIt\dataconnect`
 {"metadata":{"emulator":{"name":"dataconnect"},"message":"E0926 03:31:22.006783   16688 watch.go:31] Failed to load config from \"c:\\\\xampp\\\\htdocs\\\\DoneWithIt\\\\dataconnect\": could not find dataconnect.yaml in `c:\\xampp\\htdocs\\DoneWithIt\\dataconnect`\n"}}
[debug] [2025-09-25T19:31:32.006Z] E0926 03:31:32.006687   16688 watch.go:31] Failed to load config from "c:\\xampp\\htdocs\\DoneWithIt\\dataconnect": could not find dataconnect.yaml in `c:\xampp\htdocs\DoneWithIt\dataconnect`
 {"metadata":{"emulator":{"name":"dataconnect"},"message":"E0926 03:31:32.006687   16688 watch.go:31] Failed to load config from \"c:\\\\xampp\\\\htdocs\\\\DoneWithIt\\\\dataconnect\": could not find dataconnect.yaml in `c:\\xampp\\htdocs\\DoneWithIt\\dataconnect`\n"}}
[debug] [2025-09-25T19:31:42.006Z] E0926 03:31:42.006573   16688 watch.go:31] Failed to load config from "c:\\xampp\\htdocs\\DoneWithIt\\dataconnect": could not find dataconnect.yaml in `c:\xampp\htdocs\DoneWithIt\dataconnect`
 {"metadata":{"emulator":{"name":"dataconnect"},"message":"E0926 03:31:42.006573   16688 watch.go:31] Failed to load config from \"c:\\\\xampp\\\\htdocs\\\\DoneWithIt\\\\dataconnect\": could not find dataconnect.yaml in `c:\\xampp\\htdocs\\DoneWithIt\\dataconnect`\n"}}
[debug] [2025-09-25T19:31:52.006Z] E0926 03:31:52.006689   16688 watch.go:31] Failed to load config from "c:\\xampp\\htdocs\\DoneWithIt\\dataconnect": could not find dataconnect.yaml in `c:\xampp\htdocs\DoneWithIt\dataconnect`
 {"metadata":{"emulator":{"name":"dataconnect"},"message":"E0926 03:31:52.006689   16688 watch.go:31] Failed to load config from \"c:\\\\xampp\\\\htdocs\\\\DoneWithIt\\\\dataconnect\": could not find dataconnect.yaml in `c:\\xampp\\htdocs\\DoneWithIt\\dataconnect`\n"}}
[debug] [2025-09-25T19:32:02.009Z] E0926 03:32:02.006793   16688 watch.go:31] Failed to load config from "c:\\xampp\\htdocs\\DoneWithIt\\dataconnect": could not find dataconnect.yaml in `c:\xampp\htdocs\DoneWithIt\dataconnect`
E0926 03:32:02.006793   16688 watch.go:102] watchAllDir unable to walk dir `c:\xampp\htdocs\DoneWithIt\dataconnect`: CreateFile c:\xampp\htdocs\DoneWithIt\dataconnect: The system cannot find the file specified.
 {"metadata":{"emulator":{"name":"dataconnect"},"message":"E0926 03:32:02.006793   16688 watch.go:31] Failed to load config from \"c:\\\\xampp\\\\htdocs\\\\DoneWithIt\\\\dataconnect\": could not find dataconnect.yaml in `c:\\xampp\\htdocs\\DoneWithIt\\dataconnect`\nE0926 03:32:02.006793   16688 watch.go:102] watchAllDir unable to walk dir `c:\\xampp\\htdocs\\DoneWithIt\\dataconnect`: CreateFile c:\\xampp\\htdocs\\DoneWithIt\\dataconnect: The system cannot find the file specified.\n"}}
[debug] [2025-09-25T19:32:12.006Z] E0926 03:32:12.006917   16688 watch.go:31] Failed to load config from "c:\\xampp\\htdocs\\DoneWithIt\\dataconnect": could not find dataconnect.yaml in `c:\xampp\htdocs\DoneWithIt\dataconnect`
 {"metadata":{"emulator":{"name":"dataconnect"},"message":"E0926 03:32:12.006917   16688 watch.go:31] Failed to load config from \"c:\\\\xampp\\\\htdocs\\\\DoneWithIt\\\\dataconnect\": could not find dataconnect.yaml in `c:\\xampp\\htdocs\\DoneWithIt\\dataconnect`\n"}}
[debug] [2025-09-25T19:32:22.006Z] E0926 03:32:22.006571   16688 watch.go:31] Failed to load config from "c:\\xampp\\htdocs\\DoneWithIt\\dataconnect": could not find dataconnect.yaml in `c:\xampp\htdocs\DoneWithIt\dataconnect`
 {"metadata":{"emulator":{"name":"dataconnect"},"message":"E0926 03:32:22.006571   16688 watch.go:31] Failed to load config from \"c:\\\\xampp\\\\htdocs\\\\DoneWithIt\\\\dataconnect\": could not find dataconnect.yaml in `c:\\xampp\\htdocs\\DoneWithIt\\dataconnect`\n"}}
[debug] [2025-09-25T19:32:32.006Z] E0926 03:32:32.006621   16688 watch.go:31] Failed to load config from "c:\\xampp\\htdocs\\DoneWithIt\\dataconnect": could not find dataconnect.yaml in `c:\xampp\htdocs\DoneWithIt\dataconnect`
 {"metadata":{"emulator":{"name":"dataconnect"},"message":"E0926 03:32:32.006621   16688 watch.go:31] Failed to load config from \"c:\\\\xampp\\\\htdocs\\\\DoneWithIt\\\\dataconnect\": could not find dataconnect.yaml in `c:\\xampp\\htdocs\\DoneWithIt\\dataconnect`\n"}}
[debug] [2025-09-25T19:32:42.006Z] E0926 03:32:42.006609   16688 watch.go:31] Failed to load config from "c:\\xampp\\htdocs\\DoneWithIt\\dataconnect": could not find dataconnect.yaml in `c:\xampp\htdocs\DoneWithIt\dataconnect`
 {"metadata":{"emulator":{"name":"dataconnect"},"message":"E0926 03:32:42.006609   16688 watch.go:31] Failed to load config from \"c:\\\\xampp\\\\htdocs\\\\DoneWithIt\\\\dataconnect\": could not find dataconnect.yaml in `c:\\xampp\\htdocs\\DoneWithIt\\dataconnect`\n"}}
[debug] [2025-09-25T19:32:52.007Z] E0926 03:32:52.006815   16688 watch.go:31] Failed to load config from "c:\\xampp\\htdocs\\DoneWithIt\\dataconnect": could not find dataconnect.yaml in `c:\xampp\htdocs\DoneWithIt\dataconnect`
 {"metadata":{"emulator":{"name":"dataconnect"},"message":"E0926 03:32:52.006815   16688 watch.go:31] Failed to load config from \"c:\\\\xampp\\\\htdocs\\\\DoneWithIt\\\\dataconnect\": could not find dataconnect.yaml in `c:\\xampp\\htdocs\\DoneWithIt\\dataconnect`\n"}}
[debug] [2025-09-25T19:33:02.007Z] E0926 03:33:02.006854   16688 watch.go:31] Failed to load config from "c:\\xampp\\htdocs\\DoneWithIt\\dataconnect": could not find dataconnect.yaml in `c:\xampp\htdocs\DoneWithIt\dataconnect`
 {"metadata":{"emulator":{"name":"dataconnect"},"message":"E0926 03:33:02.006854   16688 watch.go:31] Failed to load config from \"c:\\\\xampp\\\\htdocs\\\\DoneWithIt\\\\dataconnect\": could not find dataconnect.yaml in `c:\\xampp\\htdocs\\DoneWithIt\\dataconnect`\n"}}
[debug] [2025-09-25T19:33:12.006Z] E0926 03:33:12.006665   16688 watch.go:31] Failed to load config from "c:\\xampp\\htdocs\\DoneWithIt\\dataconnect": could not find dataconnect.yaml in `c:\xampp\htdocs\DoneWithIt\dataconnect`
 {"metadata":{"emulator":{"name":"dataconnect"},"message":"E0926 03:33:12.006665   16688 watch.go:31] Failed to load config from \"c:\\\\xampp\\\\htdocs\\\\DoneWithIt\\\\dataconnect\": could not find dataconnect.yaml in `c:\\xampp\\htdocs\\DoneWithIt\\dataconnect`\n"}}
[debug] [2025-09-25T19:33:22.006Z] E0926 03:33:22.006544   16688 watch.go:31] Failed to load config from "c:\\xampp\\htdocs\\DoneWithIt\\dataconnect": could not find dataconnect.yaml in `c:\xampp\htdocs\DoneWithIt\dataconnect`
 {"metadata":{"emulator":{"name":"dataconnect"},"message":"E0926 03:33:22.006544   16688 watch.go:31] Failed to load config from \"c:\\\\xampp\\\\htdocs\\\\DoneWithIt\\\\dataconnect\": could not find dataconnect.yaml in `c:\\xampp\\htdocs\\DoneWithIt\\dataconnect`\n"}}
[debug] [2025-09-25T19:33:32.007Z] E0926 03:33:32.007012   16688 watch.go:31] Failed to load config from "c:\\xampp\\htdocs\\DoneWithIt\\dataconnect": could not find dataconnect.yaml in `c:\xampp\htdocs\DoneWithIt\dataconnect`
 {"metadata":{"emulator":{"name":"dataconnect"},"message":"E0926 03:33:32.007012   16688 watch.go:31] Failed to load config from \"c:\\\\xampp\\\\htdocs\\\\DoneWithIt\\\\dataconnect\": could not find dataconnect.yaml in `c:\\xampp\\htdocs\\DoneWithIt\\dataconnect`\n"}}
[debug] [2025-09-25T19:33:42.007Z] E0926 03:33:42.006803   16688 watch.go:31] Failed to load config from "c:\\xampp\\htdocs\\DoneWithIt\\dataconnect": could not find dataconnect.yaml in `c:\xampp\htdocs\DoneWithIt\dataconnect`
 {"metadata":{"emulator":{"name":"dataconnect"},"message":"E0926 03:33:42.006803   16688 watch.go:31] Failed to load config from \"c:\\\\xampp\\\\htdocs\\\\DoneWithIt\\\\dataconnect\": could not find dataconnect.yaml in `c:\\xampp\\htdocs\\DoneWithIt\\dataconnect`\n"}}
[debug] [2025-09-25T19:33:52.007Z] E0926 03:33:52.006969   16688 watch.go:31] Failed to load config from "c:\\xampp\\htdocs\\DoneWithIt\\dataconnect": could not find dataconnect.yaml in `c:\xampp\htdocs\DoneWithIt\dataconnect`
 {"metadata":{"emulator":{"name":"dataconnect"},"message":"E0926 03:33:52.006969   16688 watch.go:31] Failed to load config from \"c:\\\\xampp\\\\htdocs\\\\DoneWithIt\\\\dataconnect\": could not find dataconnect.yaml in `c:\\xampp\\htdocs\\DoneWithIt\\dataconnect`\n"}}
[debug] [2025-09-25T19:34:02.006Z] E0926 03:34:02.006594   16688 watch.go:31] Failed to load config from "c:\\xampp\\htdocs\\DoneWithIt\\dataconnect": could not find dataconnect.yaml in `c:\xampp\htdocs\DoneWithIt\dataconnect`
E0926 03:34:02.006594   16688 watch.go:102] watchAllDir unable to walk dir `c:\xampp\htdocs\DoneWithIt\dataconnect`: CreateFile c:\xampp\htdocs\DoneWithIt\dataconnect: The system cannot find the file specified.
 {"metadata":{"emulator":{"name":"dataconnect"},"message":"E0926 03:34:02.006594   16688 watch.go:31] Failed to load config from \"c:\\\\xampp\\\\htdocs\\\\DoneWithIt\\\\dataconnect\": could not find dataconnect.yaml in `c:\\xampp\\htdocs\\DoneWithIt\\dataconnect`\nE0926 03:34:02.006594   16688 watch.go:102] watchAllDir unable to walk dir `c:\\xampp\\htdocs\\DoneWithIt\\dataconnect`: CreateFile c:\\xampp\\htdocs\\DoneWithIt\\dataconnect: The system cannot find the file specified.\n"}}
[debug] [2025-09-25T19:34:12.006Z] E0926 03:34:12.006568   16688 watch.go:31] Failed to load config from "c:\\xampp\\htdocs\\DoneWithIt\\dataconnect": could not find dataconnect.yaml in `c:\xampp\htdocs\DoneWithIt\dataconnect`
 {"metadata":{"emulator":{"name":"dataconnect"},"message":"E0926 03:34:12.006568   16688 watch.go:31] Failed to load config from \"c:\\\\xampp\\\\htdocs\\\\DoneWithIt\\\\dataconnect\": could not find dataconnect.yaml in `c:\\xampp\\htdocs\\DoneWithIt\\dataconnect`\n"}}
[debug] [2025-09-25T19:34:22.006Z] E0926 03:34:22.006566   16688 watch.go:31] Failed to load config from "c:\\xampp\\htdocs\\DoneWithIt\\dataconnect": could not find dataconnect.yaml in `c:\xampp\htdocs\DoneWithIt\dataconnect`
 {"metadata":{"emulator":{"name":"dataconnect"},"message":"E0926 03:34:22.006566   16688 watch.go:31] Failed to load config from \"c:\\\\xampp\\\\htdocs\\\\DoneWithIt\\\\dataconnect\": could not find dataconnect.yaml in `c:\\xampp\\htdocs\\DoneWithIt\\dataconnect`\n"}}
[debug] [2025-09-25T19:34:32.006Z] E0926 03:34:32.006712   16688 watch.go:31] Failed to load config from "c:\\xampp\\htdocs\\DoneWithIt\\dataconnect": could not find dataconnect.yaml in `c:\xampp\htdocs\DoneWithIt\dataconnect`
 {"metadata":{"emulator":{"name":"dataconnect"},"message":"E0926 03:34:32.006712   16688 watch.go:31] Failed to load config from \"c:\\\\xampp\\\\htdocs\\\\DoneWithIt\\\\dataconnect\": could not find dataconnect.yaml in `c:\\xampp\\htdocs\\DoneWithIt\\dataconnect`\n"}}
[debug] [2025-09-25T19:34:42.006Z] E0926 03:34:42.006644   16688 watch.go:31] Failed to load config from "c:\\xampp\\htdocs\\DoneWithIt\\dataconnect": could not find dataconnect.yaml in `c:\xampp\htdocs\DoneWithIt\dataconnect`
 {"metadata":{"emulator":{"name":"dataconnect"},"message":"E0926 03:34:42.006644   16688 watch.go:31] Failed to load config from \"c:\\\\xampp\\\\htdocs\\\\DoneWithIt\\\\dataconnect\": could not find dataconnect.yaml in `c:\\xampp\\htdocs\\DoneWithIt\\dataconnect`\n"}}
[debug] [2025-09-25T19:34:52.006Z] E0926 03:34:52.006546   16688 watch.go:31] Failed to load config from "c:\\xampp\\htdocs\\DoneWithIt\\dataconnect": could not find dataconnect.yaml in `c:\xampp\htdocs\DoneWithIt\dataconnect`
 {"metadata":{"emulator":{"name":"dataconnect"},"message":"E0926 03:34:52.006546   16688 watch.go:31] Failed to load config from \"c:\\\\xampp\\\\htdocs\\\\DoneWithIt\\\\dataconnect\": could not find dataconnect.yaml in `c:\\xampp\\htdocs\\DoneWithIt\\dataconnect`\n"}}
[debug] [2025-09-25T19:35:02.007Z] E0926 03:35:02.006830   16688 watch.go:31] Failed to load config from "c:\\xampp\\htdocs\\DoneWithIt\\dataconnect": could not find dataconnect.yaml in `c:\xampp\htdocs\DoneWithIt\dataconnect`
 {"metadata":{"emulator":{"name":"dataconnect"},"message":"E0926 03:35:02.006830   16688 watch.go:31] Failed to load config from \"c:\\\\xampp\\\\htdocs\\\\DoneWithIt\\\\dataconnect\": could not find dataconnect.yaml in `c:\\xampp\\htdocs\\DoneWithIt\\dataconnect`\n"}}
[debug] [2025-09-25T19:35:12.006Z] E0926 03:35:12.006737   16688 watch.go:31] Failed to load config from "c:\\xampp\\htdocs\\DoneWithIt\\dataconnect": could not find dataconnect.yaml in `c:\xampp\htdocs\DoneWithIt\dataconnect`
 {"metadata":{"emulator":{"name":"dataconnect"},"message":"E0926 03:35:12.006737   16688 watch.go:31] Failed to load config from \"c:\\\\xampp\\\\htdocs\\\\DoneWithIt\\\\dataconnect\": could not find dataconnect.yaml in `c:\\xampp\\htdocs\\DoneWithIt\\dataconnect`\n"}}
[debug] [2025-09-25T19:35:22.007Z] E0926 03:35:22.006841   16688 watch.go:31] Failed to load config from "c:\\xampp\\htdocs\\DoneWithIt\\dataconnect": could not find dataconnect.yaml in `c:\xampp\htdocs\DoneWithIt\dataconnect`
 {"metadata":{"emulator":{"name":"dataconnect"},"message":"E0926 03:35:22.006841   16688 watch.go:31] Failed to load config from \"c:\\\\xampp\\\\htdocs\\\\DoneWithIt\\\\dataconnect\": could not find dataconnect.yaml in `c:\\xampp\\htdocs\\DoneWithIt\\dataconnect`\n"}}
[debug] [2025-09-25T19:35:32.007Z] E0926 03:35:32.006932   16688 watch.go:31] Failed to load config from "c:\\xampp\\htdocs\\DoneWithIt\\dataconnect": could not find dataconnect.yaml in `c:\xampp\htdocs\DoneWithIt\dataconnect`
 {"metadata":{"emulator":{"name":"dataconnect"},"message":"E0926 03:35:32.006932   16688 watch.go:31] Failed to load config from \"c:\\\\xampp\\\\htdocs\\\\DoneWithIt\\\\dataconnect\": could not find dataconnect.yaml in `c:\\xampp\\htdocs\\DoneWithIt\\dataconnect`\n"}}
[debug] [2025-09-25T19:35:42.006Z] E0926 03:35:42.006595   16688 watch.go:31] Failed to load config from "c:\\xampp\\htdocs\\DoneWithIt\\dataconnect": could not find dataconnect.yaml in `c:\xampp\htdocs\DoneWithIt\dataconnect`
 {"metadata":{"emulator":{"name":"dataconnect"},"message":"E0926 03:35:42.006595   16688 watch.go:31] Failed to load config from \"c:\\\\xampp\\\\htdocs\\\\DoneWithIt\\\\dataconnect\": could not find dataconnect.yaml in `c:\\xampp\\htdocs\\DoneWithIt\\dataconnect`\n"}}
[debug] [2025-09-25T19:35:52.007Z] E0926 03:35:52.006757   16688 watch.go:31] Failed to load config from "c:\\xampp\\htdocs\\DoneWithIt\\dataconnect": could not find dataconnect.yaml in `c:\xampp\htdocs\DoneWithIt\dataconnect`
 {"metadata":{"emulator":{"name":"dataconnect"},"message":"E0926 03:35:52.006757   16688 watch.go:31] Failed to load config from \"c:\\\\xampp\\\\htdocs\\\\DoneWithIt\\\\dataconnect\": could not find dataconnect.yaml in `c:\\xampp\\htdocs\\DoneWithIt\\dataconnect`\n"}}
[debug] [2025-09-25T19:36:02.006Z] E0926 03:36:02.006617   16688 watch.go:31] Failed to load config from "c:\\xampp\\htdocs\\DoneWithIt\\dataconnect": could not find dataconnect.yaml in `c:\xampp\htdocs\DoneWithIt\dataconnect`
E0926 03:36:02.006617   16688 watch.go:102] watchAllDir unable to walk dir `c:\xampp\htdocs\DoneWithIt\dataconnect`: CreateFile c:\xampp\htdocs\DoneWithIt\dataconnect: The system cannot find the file specified.
 {"metadata":{"emulator":{"name":"dataconnect"},"message":"E0926 03:36:02.006617   16688 watch.go:31] Failed to load config from \"c:\\\\xampp\\\\htdocs\\\\DoneWithIt\\\\dataconnect\": could not find dataconnect.yaml in `c:\\xampp\\htdocs\\DoneWithIt\\dataconnect`\nE0926 03:36:02.006617   16688 watch.go:102] watchAllDir unable to walk dir `c:\\xampp\\htdocs\\DoneWithIt\\dataconnect`: CreateFile c:\\xampp\\htdocs\\DoneWithIt\\dataconnect: The system cannot find the file specified.\n"}}
[debug] [2025-09-25T19:36:12.007Z] E0926 03:36:12.006919   16688 watch.go:31] Failed to load config from "c:\\xampp\\htdocs\\DoneWithIt\\dataconnect": could not find dataconnect.yaml in `c:\xampp\htdocs\DoneWithIt\dataconnect`
 {"metadata":{"emulator":{"name":"dataconnect"},"message":"E0926 03:36:12.006919   16688 watch.go:31] Failed to load config from \"c:\\\\xampp\\\\htdocs\\\\DoneWithIt\\\\dataconnect\": could not find dataconnect.yaml in `c:\\xampp\\htdocs\\DoneWithIt\\dataconnect`\n"}}
[debug] [2025-09-25T19:36:22.007Z] E0926 03:36:22.006710   16688 watch.go:31] Failed to load config from "c:\\xampp\\htdocs\\DoneWithIt\\dataconnect": could not find dataconnect.yaml in `c:\xampp\htdocs\DoneWithIt\dataconnect`
 {"metadata":{"emulator":{"name":"dataconnect"},"message":"E0926 03:36:22.006710   16688 watch.go:31] Failed to load config from \"c:\\\\xampp\\\\htdocs\\\\DoneWithIt\\\\dataconnect\": could not find dataconnect.yaml in `c:\\xampp\\htdocs\\DoneWithIt\\dataconnect`\n"}}
[debug] [2025-09-25T19:36:32.006Z] E0926 03:36:32.006659   16688 watch.go:31] Failed to load config from "c:\\xampp\\htdocs\\DoneWithIt\\dataconnect": could not find dataconnect.yaml in `c:\xampp\htdocs\DoneWithIt\dataconnect`
 {"metadata":{"emulator":{"name":"dataconnect"},"message":"E0926 03:36:32.006659   16688 watch.go:31] Failed to load config from \"c:\\\\xampp\\\\htdocs\\\\DoneWithIt\\\\dataconnect\": could not find dataconnect.yaml in `c:\\xampp\\htdocs\\DoneWithIt\\dataconnect`\n"}}
[debug] [2025-09-25T19:36:42.007Z] E0926 03:36:42.006868   16688 watch.go:31] Failed to load config from "c:\\xampp\\htdocs\\DoneWithIt\\dataconnect": could not find dataconnect.yaml in `c:\xampp\htdocs\DoneWithIt\dataconnect`
 {"metadata":{"emulator":{"name":"dataconnect"},"message":"E0926 03:36:42.006868   16688 watch.go:31] Failed to load config from \"c:\\\\xampp\\\\htdocs\\\\DoneWithIt\\\\dataconnect\": could not find dataconnect.yaml in `c:\\xampp\\htdocs\\DoneWithIt\\dataconnect`\n"}}
[debug] [2025-09-25T19:36:52.006Z] E0926 03:36:52.006730   16688 watch.go:31] Failed to load config from "c:\\xampp\\htdocs\\DoneWithIt\\dataconnect": could not find dataconnect.yaml in `c:\xampp\htdocs\DoneWithIt\dataconnect`
 {"metadata":{"emulator":{"name":"dataconnect"},"message":"E0926 03:36:52.006730   16688 watch.go:31] Failed to load config from \"c:\\\\xampp\\\\htdocs\\\\DoneWithIt\\\\dataconnect\": could not find dataconnect.yaml in `c:\\xampp\\htdocs\\DoneWithIt\\dataconnect`\n"}}
[debug] [2025-09-25T19:37:02.006Z] E0926 03:37:02.006552   16688 watch.go:31] Failed to load config from "c:\\xampp\\htdocs\\DoneWithIt\\dataconnect": could not find dataconnect.yaml in `c:\xampp\htdocs\DoneWithIt\dataconnect`
 {"metadata":{"emulator":{"name":"dataconnect"},"message":"E0926 03:37:02.006552   16688 watch.go:31] Failed to load config from \"c:\\\\xampp\\\\htdocs\\\\DoneWithIt\\\\dataconnect\": could not find dataconnect.yaml in `c:\\xampp\\htdocs\\DoneWithIt\\dataconnect`\n"}}
[debug] [2025-09-25T19:37:12.007Z] E0926 03:37:12.006617   16688 watch.go:31] Failed to load config from "c:\\xampp\\htdocs\\DoneWithIt\\dataconnect": could not find dataconnect.yaml in `c:\xampp\htdocs\DoneWithIt\dataconnect`
 {"metadata":{"emulator":{"name":"dataconnect"},"message":"E0926 03:37:12.006617   16688 watch.go:31] Failed to load config from \"c:\\\\xampp\\\\htdocs\\\\DoneWithIt\\\\dataconnect\": could not find dataconnect.yaml in `c:\\xampp\\htdocs\\DoneWithIt\\dataconnect`\n"}}
[debug] [2025-09-25T19:37:22.006Z] E0926 03:37:22.006521   16688 watch.go:31] Failed to load config from "c:\\xampp\\htdocs\\DoneWithIt\\dataconnect": could not find dataconnect.yaml in `c:\xampp\htdocs\DoneWithIt\dataconnect`
 {"metadata":{"emulator":{"name":"dataconnect"},"message":"E0926 03:37:22.006521   16688 watch.go:31] Failed to load config from \"c:\\\\xampp\\\\htdocs\\\\DoneWithIt\\\\dataconnect\": could not find dataconnect.yaml in `c:\\xampp\\htdocs\\DoneWithIt\\dataconnect`\n"}}
[debug] [2025-09-25T19:37:32.007Z] E0926 03:37:32.006865   16688 watch.go:31] Failed to load config from "c:\\xampp\\htdocs\\DoneWithIt\\dataconnect": could not find dataconnect.yaml in `c:\xampp\htdocs\DoneWithIt\dataconnect`
 {"metadata":{"emulator":{"name":"dataconnect"},"message":"E0926 03:37:32.006865   16688 watch.go:31] Failed to load config from \"c:\\\\xampp\\\\htdocs\\\\DoneWithIt\\\\dataconnect\": could not find dataconnect.yaml in `c:\\xampp\\htdocs\\DoneWithIt\\dataconnect`\n"}}
[debug] [2025-09-25T19:37:42.006Z] E0926 03:37:42.006677   16688 watch.go:31] Failed to load config from "c:\\xampp\\htdocs\\DoneWithIt\\dataconnect": could not find dataconnect.yaml in `c:\xampp\htdocs\DoneWithIt\dataconnect`
 {"metadata":{"emulator":{"name":"dataconnect"},"message":"E0926 03:37:42.006677   16688 watch.go:31] Failed to load config from \"c:\\\\xampp\\\\htdocs\\\\DoneWithIt\\\\dataconnect\": could not find dataconnect.yaml in `c:\\xampp\\htdocs\\DoneWithIt\\dataconnect`\n"}}
[debug] [2025-09-25T19:37:52.006Z] E0926 03:37:52.006612   16688 watch.go:31] Failed to load config from "c:\\xampp\\htdocs\\DoneWithIt\\dataconnect": could not find dataconnect.yaml in `c:\xampp\htdocs\DoneWithIt\dataconnect`
 {"metadata":{"emulator":{"name":"dataconnect"},"message":"E0926 03:37:52.006612   16688 watch.go:31] Failed to load config from \"c:\\\\xampp\\\\htdocs\\\\DoneWithIt\\\\dataconnect\": could not find dataconnect.yaml in `c:\\xampp\\htdocs\\DoneWithIt\\dataconnect`\n"}}
[debug] [2025-09-25T19:38:02.006Z] E0926 03:38:02.006574   16688 watch.go:31] Failed to load config from "c:\\xampp\\htdocs\\DoneWithIt\\dataconnect": could not find dataconnect.yaml in `c:\xampp\htdocs\DoneWithIt\dataconnect`
 {"metadata":{"emulator":{"name":"dataconnect"},"message":"E0926 03:38:02.006574   16688 watch.go:31] Failed to load config from \"c:\\\\xampp\\\\htdocs\\\\DoneWithIt\\\\dataconnect\": could not find dataconnect.yaml in `c:\\xampp\\htdocs\\DoneWithIt\\dataconnect`\n"}}
[debug] [2025-09-25T19:38:02.007Z] E0926 03:38:02.006574   16688 watch.go:102] watchAllDir unable to walk dir `c:\xampp\htdocs\DoneWithIt\dataconnect`: CreateFile c:\xampp\htdocs\DoneWithIt\dataconnect: The system cannot find the file specified.
 {"metadata":{"emulator":{"name":"dataconnect"},"message":"E0926 03:38:02.006574   16688 watch.go:102] watchAllDir unable to walk dir `c:\\xampp\\htdocs\\DoneWithIt\\dataconnect`: CreateFile c:\\xampp\\htdocs\\DoneWithIt\\dataconnect: The system cannot find the file specified.\n"}}
[debug] [2025-09-25T19:38:12.006Z] E0926 03:38:12.006675   16688 watch.go:31] Failed to load config from "c:\\xampp\\htdocs\\DoneWithIt\\dataconnect": could not find dataconnect.yaml in `c:\xampp\htdocs\DoneWithIt\dataconnect`
 {"metadata":{"emulator":{"name":"dataconnect"},"message":"E0926 03:38:12.006675   16688 watch.go:31] Failed to load config from \"c:\\\\xampp\\\\htdocs\\\\DoneWithIt\\\\dataconnect\": could not find dataconnect.yaml in `c:\\xampp\\htdocs\\DoneWithIt\\dataconnect`\n"}}
[debug] [2025-09-25T19:38:22.007Z] E0926 03:38:22.006894   16688 watch.go:31] Failed to load config from "c:\\xampp\\htdocs\\DoneWithIt\\dataconnect": could not find dataconnect.yaml in `c:\xampp\htdocs\DoneWithIt\dataconnect`
 {"metadata":{"emulator":{"name":"dataconnect"},"message":"E0926 03:38:22.006894   16688 watch.go:31] Failed to load config from \"c:\\\\xampp\\\\htdocs\\\\DoneWithIt\\\\dataconnect\": could not find dataconnect.yaml in `c:\\xampp\\htdocs\\DoneWithIt\\dataconnect`\n"}}
[debug] [2025-09-25T19:38:32.007Z] E0926 03:38:32.006787   16688 watch.go:31] Failed to load config from "c:\\xampp\\htdocs\\DoneWithIt\\dataconnect": could not find dataconnect.yaml in `c:\xampp\htdocs\DoneWithIt\dataconnect`
 {"metadata":{"emulator":{"name":"dataconnect"},"message":"E0926 03:38:32.006787   16688 watch.go:31] Failed to load config from \"c:\\\\xampp\\\\htdocs\\\\DoneWithIt\\\\dataconnect\": could not find dataconnect.yaml in `c:\\xampp\\htdocs\\DoneWithIt\\dataconnect`\n"}}
[debug] [2025-09-25T19:38:42.007Z] E0926 03:38:42.006804   16688 watch.go:31] Failed to load config from "c:\\xampp\\htdocs\\DoneWithIt\\dataconnect": could not find dataconnect.yaml in `c:\xampp\htdocs\DoneWithIt\dataconnect`
 {"metadata":{"emulator":{"name":"dataconnect"},"message":"E0926 03:38:42.006804   16688 watch.go:31] Failed to load config from \"c:\\\\xampp\\\\htdocs\\\\DoneWithIt\\\\dataconnect\": could not find dataconnect.yaml in `c:\\xampp\\htdocs\\DoneWithIt\\dataconnect`\n"}}
[debug] [2025-09-25T19:38:52.007Z] E0926 03:38:52.006749   16688 watch.go:31] Failed to load config from "c:\\xampp\\htdocs\\DoneWithIt\\dataconnect": could not find dataconnect.yaml in `c:\xampp\htdocs\DoneWithIt\dataconnect`
 {"metadata":{"emulator":{"name":"dataconnect"},"message":"E0926 03:38:52.006749   16688 watch.go:31] Failed to load config from \"c:\\\\xampp\\\\htdocs\\\\DoneWithIt\\\\dataconnect\": could not find dataconnect.yaml in `c:\\xampp\\htdocs\\DoneWithIt\\dataconnect`\n"}}
[debug] [2025-09-25T19:39:02.007Z] E0926 03:39:02.007063   16688 watch.go:31] Failed to load config from "c:\\xampp\\htdocs\\DoneWithIt\\dataconnect": could not find dataconnect.yaml in `c:\xampp\htdocs\DoneWithIt\dataconnect`
 {"metadata":{"emulator":{"name":"dataconnect"},"message":"E0926 03:39:02.007063   16688 watch.go:31] Failed to load config from \"c:\\\\xampp\\\\htdocs\\\\DoneWithIt\\\\dataconnect\": could not find dataconnect.yaml in `c:\\xampp\\htdocs\\DoneWithIt\\dataconnect`\n"}}
[debug] [2025-09-25T19:39:12.007Z] E0926 03:39:12.006760   16688 watch.go:31] Failed to load config from "c:\\xampp\\htdocs\\DoneWithIt\\dataconnect": could not find dataconnect.yaml in `c:\xampp\htdocs\DoneWithIt\dataconnect`
 {"metadata":{"emulator":{"name":"dataconnect"},"message":"E0926 03:39:12.006760   16688 watch.go:31] Failed to load config from \"c:\\\\xampp\\\\htdocs\\\\DoneWithIt\\\\dataconnect\": could not find dataconnect.yaml in `c:\\xampp\\htdocs\\DoneWithIt\\dataconnect`\n"}}
[debug] [2025-09-25T19:39:22.007Z] E0926 03:39:22.006833   16688 watch.go:31] Failed to load config from "c:\\xampp\\htdocs\\DoneWithIt\\dataconnect": could not find dataconnect.yaml in `c:\xampp\htdocs\DoneWithIt\dataconnect`
 {"metadata":{"emulator":{"name":"dataconnect"},"message":"E0926 03:39:22.006833   16688 watch.go:31] Failed to load config from \"c:\\\\xampp\\\\htdocs\\\\DoneWithIt\\\\dataconnect\": could not find dataconnect.yaml in `c:\\xampp\\htdocs\\DoneWithIt\\dataconnect`\n"}}
[debug] [2025-09-25T19:39:32.006Z] E0926 03:39:32.006651   16688 watch.go:31] Failed to load config from "c:\\xampp\\htdocs\\DoneWithIt\\dataconnect": could not find dataconnect.yaml in `c:\xampp\htdocs\DoneWithIt\dataconnect`
 {"metadata":{"emulator":{"name":"dataconnect"},"message":"E0926 03:39:32.006651   16688 watch.go:31] Failed to load config from \"c:\\\\xampp\\\\htdocs\\\\DoneWithIt\\\\dataconnect\": could not find dataconnect.yaml in `c:\\xampp\\htdocs\\DoneWithIt\\dataconnect`\n"}}
[debug] [2025-09-25T19:39:42.006Z] E0926 03:39:42.006561   16688 watch.go:31] Failed to load config from "c:\\xampp\\htdocs\\DoneWithIt\\dataconnect": could not find dataconnect.yaml in `c:\xampp\htdocs\DoneWithIt\dataconnect`
 {"metadata":{"emulator":{"name":"dataconnect"},"message":"E0926 03:39:42.006561   16688 watch.go:31] Failed to load config from \"c:\\\\xampp\\\\htdocs\\\\DoneWithIt\\\\dataconnect\": could not find dataconnect.yaml in `c:\\xampp\\htdocs\\DoneWithIt\\dataconnect`\n"}}
[debug] [2025-09-25T19:39:52.006Z] E0926 03:39:52.006576   16688 watch.go:31] Failed to load config from "c:\\xampp\\htdocs\\DoneWithIt\\dataconnect": could not find dataconnect.yaml in `c:\xampp\htdocs\DoneWithIt\dataconnect`
 {"metadata":{"emulator":{"name":"dataconnect"},"message":"E0926 03:39:52.006576   16688 watch.go:31] Failed to load config from \"c:\\\\xampp\\\\htdocs\\\\DoneWithIt\\\\dataconnect\": could not find dataconnect.yaml in `c:\\xampp\\htdocs\\DoneWithIt\\dataconnect`\n"}}
[debug] [2025-09-25T19:40:02.006Z] E0926 03:40:02.006613   16688 watch.go:31] Failed to load config from "c:\\xampp\\htdocs\\DoneWithIt\\dataconnect": could not find dataconnect.yaml in `c:\xampp\htdocs\DoneWithIt\dataconnect`
E0926 03:40:02.006613   16688 watch.go:102] watchAllDir unable to walk dir `c:\xampp\htdocs\DoneWithIt\dataconnect`: CreateFile c:\xampp\htdocs\DoneWithIt\dataconnect: The system cannot find the file specified.
 {"metadata":{"emulator":{"name":"dataconnect"},"message":"E0926 03:40:02.006613   16688 watch.go:31] Failed to load config from \"c:\\\\xampp\\\\htdocs\\\\DoneWithIt\\\\dataconnect\": could not find dataconnect.yaml in `c:\\xampp\\htdocs\\DoneWithIt\\dataconnect`\nE0926 03:40:02.006613   16688 watch.go:102] watchAllDir unable to walk dir `c:\\xampp\\htdocs\\DoneWithIt\\dataconnect`: CreateFile c:\\xampp\\htdocs\\DoneWithIt\\dataconnect: The system cannot find the file specified.\n"}}
[debug] [2025-09-25T19:40:12.007Z] E0926 03:40:12.006805   16688 watch.go:31] Failed to load config from "c:\\xampp\\htdocs\\DoneWithIt\\dataconnect": could not find dataconnect.yaml in `c:\xampp\htdocs\DoneWithIt\dataconnect`
 {"metadata":{"emulator":{"name":"dataconnect"},"message":"E0926 03:40:12.006805   16688 watch.go:31] Failed to load config from \"c:\\\\xampp\\\\htdocs\\\\DoneWithIt\\\\dataconnect\": could not find dataconnect.yaml in `c:\\xampp\\htdocs\\DoneWithIt\\dataconnect`\n"}}
[debug] [2025-09-25T19:40:22.006Z] E0926 03:40:22.006594   16688 watch.go:31] Failed to load config from "c:\\xampp\\htdocs\\DoneWithIt\\dataconnect": could not find dataconnect.yaml in `c:\xampp\htdocs\DoneWithIt\dataconnect`
 {"metadata":{"emulator":{"name":"dataconnect"},"message":"E0926 03:40:22.006594   16688 watch.go:31] Failed to load config from \"c:\\\\xampp\\\\htdocs\\\\DoneWithIt\\\\dataconnect\": could not find dataconnect.yaml in `c:\\xampp\\htdocs\\DoneWithIt\\dataconnect`\n"}}
[debug] [2025-09-25T19:40:32.006Z] E0926 03:40:32.006555   16688 watch.go:31] Failed to load config from "c:\\xampp\\htdocs\\DoneWithIt\\dataconnect": could not find dataconnect.yaml in `c:\xampp\htdocs\DoneWithIt\dataconnect`
 {"metadata":{"emulator":{"name":"dataconnect"},"message":"E0926 03:40:32.006555   16688 watch.go:31] Failed to load config from \"c:\\\\xampp\\\\htdocs\\\\DoneWithIt\\\\dataconnect\": could not find dataconnect.yaml in `c:\\xampp\\htdocs\\DoneWithIt\\dataconnect`\n"}}
[debug] [2025-09-25T19:40:42.007Z] E0926 03:40:42.007168   16688 watch.go:31] Failed to load config from "c:\\xampp\\htdocs\\DoneWithIt\\dataconnect": could not find dataconnect.yaml in `c:\xampp\htdocs\DoneWithIt\dataconnect`
 {"metadata":{"emulator":{"name":"dataconnect"},"message":"E0926 03:40:42.007168   16688 watch.go:31] Failed to load config from \"c:\\\\xampp\\\\htdocs\\\\DoneWithIt\\\\dataconnect\": could not find dataconnect.yaml in `c:\\xampp\\htdocs\\DoneWithIt\\dataconnect`\n"}}
[debug] [2025-09-25T19:40:52.006Z] E0926 03:40:52.006573   16688 watch.go:31] Failed to load config from "c:\\xampp\\htdocs\\DoneWithIt\\dataconnect": could not find dataconnect.yaml in `c:\xampp\htdocs\DoneWithIt\dataconnect`
 {"metadata":{"emulator":{"name":"dataconnect"},"message":"E0926 03:40:52.006573   16688 watch.go:31] Failed to load config from \"c:\\\\xampp\\\\htdocs\\\\DoneWithIt\\\\dataconnect\": could not find dataconnect.yaml in `c:\\xampp\\htdocs\\DoneWithIt\\dataconnect`\n"}}
[debug] [2025-09-25T19:41:02.007Z] E0926 03:41:02.006935   16688 watch.go:31] Failed to load config from "c:\\xampp\\htdocs\\DoneWithIt\\dataconnect": could not find dataconnect.yaml in `c:\xampp\htdocs\DoneWithIt\dataconnect`
 {"metadata":{"emulator":{"name":"dataconnect"},"message":"E0926 03:41:02.006935   16688 watch.go:31] Failed to load config from \"c:\\\\xampp\\\\htdocs\\\\DoneWithIt\\\\dataconnect\": could not find dataconnect.yaml in `c:\\xampp\\htdocs\\DoneWithIt\\dataconnect`\n"}}
[debug] [2025-09-25T19:41:12.007Z] E0926 03:41:12.007007   16688 watch.go:31] Failed to load config from "c:\\xampp\\htdocs\\DoneWithIt\\dataconnect": could not find dataconnect.yaml in `c:\xampp\htdocs\DoneWithIt\dataconnect`
 {"metadata":{"emulator":{"name":"dataconnect"},"message":"E0926 03:41:12.007007   16688 watch.go:31] Failed to load config from \"c:\\\\xampp\\\\htdocs\\\\DoneWithIt\\\\dataconnect\": could not find dataconnect.yaml in `c:\\xampp\\htdocs\\DoneWithIt\\dataconnect`\n"}}
[debug] [2025-09-25T19:41:22.007Z] E0926 03:41:22.007196   16688 watch.go:31] Failed to load config from "c:\\xampp\\htdocs\\DoneWithIt\\dataconnect": could not find dataconnect.yaml in `c:\xampp\htdocs\DoneWithIt\dataconnect`
 {"metadata":{"emulator":{"name":"dataconnect"},"message":"E0926 03:41:22.007196   16688 watch.go:31] Failed to load config from \"c:\\\\xampp\\\\htdocs\\\\DoneWithIt\\\\dataconnect\": could not find dataconnect.yaml in `c:\\xampp\\htdocs\\DoneWithIt\\dataconnect`\n"}}
[debug] [2025-09-25T19:41:32.006Z] E0926 03:41:32.006804   16688 watch.go:31] Failed to load config from "c:\\xampp\\htdocs\\DoneWithIt\\dataconnect": could not find dataconnect.yaml in `c:\xampp\htdocs\DoneWithIt\dataconnect`
 {"metadata":{"emulator":{"name":"dataconnect"},"message":"E0926 03:41:32.006804   16688 watch.go:31] Failed to load config from \"c:\\\\xampp\\\\htdocs\\\\DoneWithIt\\\\dataconnect\": could not find dataconnect.yaml in `c:\\xampp\\htdocs\\DoneWithIt\\dataconnect`\n"}}
[debug] [2025-09-25T19:41:42.006Z] E0926 03:41:42.006703   16688 watch.go:31] Failed to load config from "c:\\xampp\\htdocs\\DoneWithIt\\dataconnect": could not find dataconnect.yaml in `c:\xampp\htdocs\DoneWithIt\dataconnect`
 {"metadata":{"emulator":{"name":"dataconnect"},"message":"E0926 03:41:42.006703   16688 watch.go:31] Failed to load config from \"c:\\\\xampp\\\\htdocs\\\\DoneWithIt\\\\dataconnect\": could not find dataconnect.yaml in `c:\\xampp\\htdocs\\DoneWithIt\\dataconnect`\n"}}
[debug] [2025-09-25T19:41:52.006Z] E0926 03:41:52.006582   16688 watch.go:31] Failed to load config from "c:\\xampp\\htdocs\\DoneWithIt\\dataconnect": could not find dataconnect.yaml in `c:\xampp\htdocs\DoneWithIt\dataconnect`
 {"metadata":{"emulator":{"name":"dataconnect"},"message":"E0926 03:41:52.006582   16688 watch.go:31] Failed to load config from \"c:\\\\xampp\\\\htdocs\\\\DoneWithIt\\\\dataconnect\": could not find dataconnect.yaml in `c:\\xampp\\htdocs\\DoneWithIt\\dataconnect`\n"}}
[debug] [2025-09-25T19:42:02.006Z] E0926 03:42:02.006723   16688 watch.go:31] Failed to load config from "c:\\xampp\\htdocs\\DoneWithIt\\dataconnect": could not find dataconnect.yaml in `c:\xampp\htdocs\DoneWithIt\dataconnect`
E0926 03:42:02.006723   16688 watch.go:102] watchAllDir unable to walk dir `c:\xampp\htdocs\DoneWithIt\dataconnect`: CreateFile c:\xampp\htdocs\DoneWithIt\dataconnect: The system cannot find the file specified.
 {"metadata":{"emulator":{"name":"dataconnect"},"message":"E0926 03:42:02.006723   16688 watch.go:31] Failed to load config from \"c:\\\\xampp\\\\htdocs\\\\DoneWithIt\\\\dataconnect\": could not find dataconnect.yaml in `c:\\xampp\\htdocs\\DoneWithIt\\dataconnect`\nE0926 03:42:02.006723   16688 watch.go:102] watchAllDir unable to walk dir `c:\\xampp\\htdocs\\DoneWithIt\\dataconnect`: CreateFile c:\\xampp\\htdocs\\DoneWithIt\\dataconnect: The system cannot find the file specified.\n"}}
[debug] [2025-09-25T19:42:12.007Z] E0926 03:42:12.006861   16688 watch.go:31] Failed to load config from "c:\\xampp\\htdocs\\DoneWithIt\\dataconnect": could not find dataconnect.yaml in `c:\xampp\htdocs\DoneWithIt\dataconnect`
 {"metadata":{"emulator":{"name":"dataconnect"},"message":"E0926 03:42:12.006861   16688 watch.go:31] Failed to load config from \"c:\\\\xampp\\\\htdocs\\\\DoneWithIt\\\\dataconnect\": could not find dataconnect.yaml in `c:\\xampp\\htdocs\\DoneWithIt\\dataconnect`\n"}}
[debug] [2025-09-25T19:42:22.006Z] E0926 03:42:22.006554   16688 watch.go:31] Failed to load config from "c:\\xampp\\htdocs\\DoneWithIt\\dataconnect": could not find dataconnect.yaml in `c:\xampp\htdocs\DoneWithIt\dataconnect`
 {"metadata":{"emulator":{"name":"dataconnect"},"message":"E0926 03:42:22.006554   16688 watch.go:31] Failed to load config from \"c:\\\\xampp\\\\htdocs\\\\DoneWithIt\\\\dataconnect\": could not find dataconnect.yaml in `c:\\xampp\\htdocs\\DoneWithIt\\dataconnect`\n"}}
[debug] [2025-09-25T19:42:32.006Z] E0926 03:42:32.006616   16688 watch.go:31] Failed to load config from "c:\\xampp\\htdocs\\DoneWithIt\\dataconnect": could not find dataconnect.yaml in `c:\xampp\htdocs\DoneWithIt\dataconnect`
 {"metadata":{"emulator":{"name":"dataconnect"},"message":"E0926 03:42:32.006616   16688 watch.go:31] Failed to load config from \"c:\\\\xampp\\\\htdocs\\\\DoneWithIt\\\\dataconnect\": could not find dataconnect.yaml in `c:\\xampp\\htdocs\\DoneWithIt\\dataconnect`\n"}}
[debug] [2025-09-25T19:42:42.007Z] E0926 03:42:42.007097   16688 watch.go:31] Failed to load config from "c:\\xampp\\htdocs\\DoneWithIt\\dataconnect": could not find dataconnect.yaml in `c:\xampp\htdocs\DoneWithIt\dataconnect`
 {"metadata":{"emulator":{"name":"dataconnect"},"message":"E0926 03:42:42.007097   16688 watch.go:31] Failed to load config from \"c:\\\\xampp\\\\htdocs\\\\DoneWithIt\\\\dataconnect\": could not find dataconnect.yaml in `c:\\xampp\\htdocs\\DoneWithIt\\dataconnect`\n"}}
[debug] [2025-09-25T19:42:52.006Z] E0926 03:42:52.006595   16688 watch.go:31] Failed to load config from "c:\\xampp\\htdocs\\DoneWithIt\\dataconnect": could not find dataconnect.yaml in `c:\xampp\htdocs\DoneWithIt\dataconnect`
 {"metadata":{"emulator":{"name":"dataconnect"},"message":"E0926 03:42:52.006595   16688 watch.go:31] Failed to load config from \"c:\\\\xampp\\\\htdocs\\\\DoneWithIt\\\\dataconnect\": could not find dataconnect.yaml in `c:\\xampp\\htdocs\\DoneWithIt\\dataconnect`\n"}}
[debug] [2025-09-25T19:43:02.007Z] E0926 03:43:02.006912   16688 watch.go:31] Failed to load config from "c:\\xampp\\htdocs\\DoneWithIt\\dataconnect": could not find dataconnect.yaml in `c:\xampp\htdocs\DoneWithIt\dataconnect`
 {"metadata":{"emulator":{"name":"dataconnect"},"message":"E0926 03:43:02.006912   16688 watch.go:31] Failed to load config from \"c:\\\\xampp\\\\htdocs\\\\DoneWithIt\\\\dataconnect\": could not find dataconnect.yaml in `c:\\xampp\\htdocs\\DoneWithIt\\dataconnect`\n"}}
[debug] [2025-09-25T19:43:12.007Z] E0926 03:43:12.006925   16688 watch.go:31] Failed to load config from "c:\\xampp\\htdocs\\DoneWithIt\\dataconnect": could not find dataconnect.yaml in `c:\xampp\htdocs\DoneWithIt\dataconnect`
 {"metadata":{"emulator":{"name":"dataconnect"},"message":"E0926 03:43:12.006925   16688 watch.go:31] Failed to load config from \"c:\\\\xampp\\\\htdocs\\\\DoneWithIt\\\\dataconnect\": could not find dataconnect.yaml in `c:\\xampp\\htdocs\\DoneWithIt\\dataconnect`\n"}}
[debug] [2025-09-25T19:43:22.007Z] E0926 03:43:22.006726   16688 watch.go:31] Failed to load config from "c:\\xampp\\htdocs\\DoneWithIt\\dataconnect": could not find dataconnect.yaml in `c:\xampp\htdocs\DoneWithIt\dataconnect`
 {"metadata":{"emulator":{"name":"dataconnect"},"message":"E0926 03:43:22.006726   16688 watch.go:31] Failed to load config from \"c:\\\\xampp\\\\htdocs\\\\DoneWithIt\\\\dataconnect\": could not find dataconnect.yaml in `c:\\xampp\\htdocs\\DoneWithIt\\dataconnect`\n"}}
[debug] [2025-09-25T19:43:32.007Z] E0926 03:43:32.006850   16688 watch.go:31] Failed to load config from "c:\\xampp\\htdocs\\DoneWithIt\\dataconnect": could not find dataconnect.yaml in `c:\xampp\htdocs\DoneWithIt\dataconnect`
 {"metadata":{"emulator":{"name":"dataconnect"},"message":"E0926 03:43:32.006850   16688 watch.go:31] Failed to load config from \"c:\\\\xampp\\\\htdocs\\\\DoneWithIt\\\\dataconnect\": could not find dataconnect.yaml in `c:\\xampp\\htdocs\\DoneWithIt\\dataconnect`\n"}}
[debug] [2025-09-25T19:43:42.007Z] E0926 03:43:42.006949   16688 watch.go:31] Failed to load config from "c:\\xampp\\htdocs\\DoneWithIt\\dataconnect": could not find dataconnect.yaml in `c:\xampp\htdocs\DoneWithIt\dataconnect`
 {"metadata":{"emulator":{"name":"dataconnect"},"message":"E0926 03:43:42.006949   16688 watch.go:31] Failed to load config from \"c:\\\\xampp\\\\htdocs\\\\DoneWithIt\\\\dataconnect\": could not find dataconnect.yaml in `c:\\xampp\\htdocs\\DoneWithIt\\dataconnect`\n"}}
[debug] [2025-09-25T19:43:52.007Z] E0926 03:43:52.007112   16688 watch.go:31] Failed to load config from "c:\\xampp\\htdocs\\DoneWithIt\\dataconnect": could not find dataconnect.yaml in `c:\xampp\htdocs\DoneWithIt\dataconnect`
 {"metadata":{"emulator":{"name":"dataconnect"},"message":"E0926 03:43:52.007112   16688 watch.go:31] Failed to load config from \"c:\\\\xampp\\\\htdocs\\\\DoneWithIt\\\\dataconnect\": could not find dataconnect.yaml in `c:\\xampp\\htdocs\\DoneWithIt\\dataconnect`\n"}}
[debug] [2025-09-25T19:44:02.006Z] E0926 03:44:02.006601   16688 watch.go:31] Failed to load config from "c:\\xampp\\htdocs\\DoneWithIt\\dataconnect": could not find dataconnect.yaml in `c:\xampp\htdocs\DoneWithIt\dataconnect`
E0926 03:44:02.006601   16688 watch.go:102] watchAllDir unable to walk dir `c:\xampp\htdocs\DoneWithIt\dataconnect`: CreateFile c:\xampp\htdocs\DoneWithIt\dataconnect: The system cannot find the file specified.
 {"metadata":{"emulator":{"name":"dataconnect"},"message":"E0926 03:44:02.006601   16688 watch.go:31] Failed to load config from \"c:\\\\xampp\\\\htdocs\\\\DoneWithIt\\\\dataconnect\": could not find dataconnect.yaml in `c:\\xampp\\htdocs\\DoneWithIt\\dataconnect`\nE0926 03:44:02.006601   16688 watch.go:102] watchAllDir unable to walk dir `c:\\xampp\\htdocs\\DoneWithIt\\dataconnect`: CreateFile c:\\xampp\\htdocs\\DoneWithIt\\dataconnect: The system cannot find the file specified.\n"}}
